This file contains any messages produced by compilers while
running configure, to aid debugging if configure makes a mistake.

It was created by libantlr3c configure 3.4, which was
generated by GNU Autoconf 2.69.  Invocation command line was

  $ ./configure 

## --------- ##
## Platform. ##
## --------- ##

hostname = student-OptiPlex-980
uname -m = x86_64
uname -r = 4.2.0-16-generic
uname -s = Linux
uname -v = #19-Ubuntu SMP Thu Oct 8 15:35:06 UTC 2015

/usr/bin/uname -p = unknown
/bin/uname -X     = unknown

/bin/arch              = unknown
/usr/bin/arch -k       = unknown
/usr/convex/getsysinfo = unknown
/usr/bin/hostinfo      = unknown
/bin/machine           = unknown
/usr/bin/oslevel       = unknown
/bin/universe          = unknown

PATH: /usr/local/sbin
PATH: /usr/local/bin
PATH: /usr/sbin
PATH: /usr/bin
PATH: /sbin
PATH: /bin
PATH: /usr/games
PATH: /usr/local/games
PATH: /home/stbadmin/Utils/node_modules/bower/bin
PATH: /home/stbadmin/Utils/scripts


## ----------- ##
## Core tests. ##
## ----------- ##

configure:2446: checking for a BSD-compatible install
configure:2514: result: /usr/bin/install -c
configure:2525: checking whether build environment is sane
configure:2575: result: yes
configure:2716: checking for a thread-safe mkdir -p
configure:2755: result: /bin/mkdir -p
configure:2768: checking for gawk
configure:2784: found /usr/bin/gawk
configure:2795: result: gawk
configure:2806: checking whether make sets $(MAKE)
configure:2828: result: yes
configure:2968: checking for xlc
configure:2998: result: no
configure:2968: checking for aCC
configure:2998: result: no
configure:2968: checking for gcc
configure:2984: found /usr/local/bin/gcc
configure:2995: result: gcc
configure:3026: checking for C compiler version
configure:3035: gcc --version >&5
gcc (GCC) 4.8.4
Copyright (C) 2013 Free Software Foundation, Inc.
This is free software; see the source for copying conditions.  There is NO
warranty; not even for MERCHANTABILITY or FITNESS FOR A PARTICULAR PURPOSE.

configure:3046: $? = 0
configure:3035: gcc -v >&5
Using built-in specs.
COLLECT_GCC=gcc
COLLECT_LTO_WRAPPER=/usr/local/libexec/gcc/x86_64-unknown-linux-gnu/4.8.4/lto-wrapper
Target: x86_64-unknown-linux-gnu
Configured with: ./configure
Thread model: posix
gcc version 4.8.4 (GCC) 
configure:3046: $? = 0
configure:3035: gcc -V >&5
gcc: error: unrecognized command line option '-V'
gcc: fatal error: no input files
compilation terminated.
configure:3046: $? = 1
configure:3035: gcc -qversion >&5
gcc: error: unrecognized command line option '-qversion'
gcc: fatal error: no input files
compilation terminated.
configure:3046: $? = 1
configure:3066: checking whether the C compiler works
configure:3088: gcc    conftest.c  >&5
configure:3092: $? = 0
configure:3140: result: yes
configure:3143: checking for C compiler default output file name
configure:3145: result: a.out
configure:3151: checking for suffix of executables
configure:3158: gcc -o conftest    conftest.c  >&5
configure:3162: $? = 0
configure:3184: result: 
configure:3206: checking whether we are cross compiling
configure:3214: gcc -o conftest    conftest.c  >&5
configure:3218: $? = 0
configure:3225: ./conftest
configure:3229: $? = 0
configure:3244: result: no
configure:3249: checking for suffix of object files
configure:3271: gcc -c   conftest.c >&5
configure:3275: $? = 0
configure:3296: result: o
configure:3300: checking whether we are using the GNU C compiler
configure:3319: gcc -c   conftest.c >&5
configure:3319: $? = 0
configure:3328: result: yes
configure:3337: checking whether gcc accepts -g
configure:3357: gcc -c -g  conftest.c >&5
configure:3357: $? = 0
configure:3398: result: yes
configure:3415: checking for gcc option to accept ISO C89
configure:3478: gcc  -c -g -O2  conftest.c >&5
configure:3478: $? = 0
configure:3491: result: none needed
configure:3522: checking for style of include used by make
configure:3550: result: GNU
configure:3575: checking dependency style of gcc
configure:3685: result: gcc3
configure:3701: checking whether to enable maintainer-specific portions of Makefiles
configure:3710: result: no
configure:3752: checking build system type
configure:3766: result: x86_64-unknown-linux-gnu
configure:3786: checking host system type
configure:3799: result: x86_64-unknown-linux-gnu
configure:3840: checking how to print strings
configure:3867: result: printf
configure:3888: checking for a sed that does not truncate output
configure:3952: result: /bin/sed
configure:3970: checking for grep that handles long lines and -e
configure:4028: result: /bin/grep
configure:4033: checking for egrep
configure:4095: result: /bin/grep -E
configure:4100: checking for fgrep
configure:4162: result: /bin/grep -F
configure:4197: checking for ld used by gcc
configure:4264: result: /usr/bin/ld
configure:4271: checking if the linker (/usr/bin/ld) is GNU ld
configure:4286: result: yes
configure:4298: checking for BSD- or MS-compatible name lister (nm)
configure:4347: result: /usr/bin/nm -B
configure:4477: checking the name lister (/usr/bin/nm -B) interface
configure:4484: gcc -c -g -O2  conftest.c >&5
configure:4487: /usr/bin/nm -B "conftest.o"
configure:4490: output
0000000000000000 B some_variable
configure:4497: result: BSD nm
configure:4500: checking whether ln -s works
configure:4504: result: yes
configure:4512: checking the maximum length of command line arguments
configure:4637: result: 1572864
configure:4654: checking whether the shell understands some XSI constructs
configure:4664: result: yes
configure:4668: checking whether the shell understands "+="
configure:4674: result: yes
configure:4709: checking for /usr/bin/ld option to reload object files
configure:4716: result: -r
configure:4785: checking for objdump
configure:4801: found /usr/bin/objdump
configure:4812: result: objdump
configure:4844: checking how to recognize dependent libraries
configure:5046: result: pass_all
configure:5106: checking for ar
configure:5122: found /usr/bin/ar
configure:5133: result: ar
configure:5211: checking for strip
configure:5227: found /usr/bin/strip
configure:5238: result: strip
configure:5310: checking for ranlib
configure:5326: found /usr/bin/ranlib
configure:5337: result: ranlib
configure:5439: checking command to parse /usr/bin/nm -B output from gcc object
configure:5557: gcc -c -g -O2  conftest.c >&5
configure:5560: $? = 0
configure:5564: /usr/bin/nm -B conftest.o \| sed -n -e 's/^.*[ ]\([ABCDGIRSTW][ABCDGIRSTW]*\)[ ][ ]*\([_A-Za-z][_A-Za-z0-9]*\)$/\1 \2 \2/p' \> conftest.nm
configure:5567: $? = 0
configure:5621: gcc -o conftest -g -O2   conftest.c conftstm.o >&5
configure:5624: $? = 0
configure:5662: result: ok
configure:5758: gcc -c -g -O2  conftest.c >&5
configure:5761: $? = 0
configure:6503: checking how to run the C preprocessor
configure:6534: gcc -E  conftest.c
configure:6534: $? = 0
configure:6548: gcc -E  conftest.c
conftest.c:11:28: fatal error: ac_nonexistent.h: No such file or directory
 #include <ac_nonexistent.h>
                            ^
compilation terminated.
configure:6548: $? = 1
configure: failed program was:
| /* confdefs.h */
| #define PACKAGE_NAME "libantlr3c"
| #define PACKAGE_TARNAME "libantlr3c"
| #define PACKAGE_VERSION "3.4"
| #define PACKAGE_STRING "libantlr3c 3.4"
| #define PACKAGE_BUGREPORT "jimi@temporal-wave.com"
| #define PACKAGE_URL ""
| #define PACKAGE "libantlr3c"
| #define VERSION "3.4"
| /* end confdefs.h.  */
| #include <ac_nonexistent.h>
configure:6573: result: gcc -E
configure:6593: gcc -E  conftest.c
configure:6593: $? = 0
configure:6607: gcc -E  conftest.c
conftest.c:11:28: fatal error: ac_nonexistent.h: No such file or directory
 #include <ac_nonexistent.h>
                            ^
compilation terminated.
configure:6607: $? = 1
configure: failed program was:
| /* confdefs.h */
| #define PACKAGE_NAME "libantlr3c"
| #define PACKAGE_TARNAME "libantlr3c"
| #define PACKAGE_VERSION "3.4"
| #define PACKAGE_STRING "libantlr3c 3.4"
| #define PACKAGE_BUGREPORT "jimi@temporal-wave.com"
| #define PACKAGE_URL ""
| #define PACKAGE "libantlr3c"
| #define VERSION "3.4"
| /* end confdefs.h.  */
| #include <ac_nonexistent.h>
configure:6636: checking for ANSI C header files
configure:6656: gcc -c -g -O2  conftest.c >&5
configure:6656: $? = 0
configure:6729: gcc -o conftest -g -O2   conftest.c  >&5
configure:6729: $? = 0
configure:6729: ./conftest
configure:6729: $? = 0
configure:6740: result: yes
configure:6753: checking for sys/types.h
configure:6753: gcc -c -g -O2  conftest.c >&5
configure:6753: $? = 0
configure:6753: result: yes
configure:6753: checking for sys/stat.h
configure:6753: gcc -c -g -O2  conftest.c >&5
configure:6753: $? = 0
configure:6753: result: yes
configure:6753: checking for stdlib.h
configure:6753: gcc -c -g -O2  conftest.c >&5
configure:6753: $? = 0
configure:6753: result: yes
configure:6753: checking for string.h
configure:6753: gcc -c -g -O2  conftest.c >&5
configure:6753: $? = 0
configure:6753: result: yes
configure:6753: checking for memory.h
configure:6753: gcc -c -g -O2  conftest.c >&5
configure:6753: $? = 0
configure:6753: result: yes
configure:6753: checking for strings.h
configure:6753: gcc -c -g -O2  conftest.c >&5
configure:6753: $? = 0
configure:6753: result: yes
configure:6753: checking for inttypes.h
configure:6753: gcc -c -g -O2  conftest.c >&5
configure:6753: $? = 0
configure:6753: result: yes
configure:6753: checking for stdint.h
configure:6753: gcc -c -g -O2  conftest.c >&5
configure:6753: $? = 0
configure:6753: result: yes
configure:6753: checking for unistd.h
configure:6753: gcc -c -g -O2  conftest.c >&5
configure:6753: $? = 0
configure:6753: result: yes
configure:6767: checking for dlfcn.h
configure:6767: gcc -c -g -O2  conftest.c >&5
configure:6767: $? = 0
configure:6767: result: yes
configure:6954: checking for objdir
configure:6969: result: .libs
configure:7240: checking if gcc supports -fno-rtti -fno-exceptions
configure:7258: gcc -c -g -O2  -fno-rtti -fno-exceptions conftest.c >&5
cc1: warning: command line option '-fno-rtti' is valid for C++/ObjC++ but not for C [enabled by default]
configure:7262: $? = 0
configure:7275: result: no
configure:7295: checking for gcc option to produce PIC
configure:7580: result: -fPIC -DPIC
configure:7592: checking if gcc PIC flag -fPIC -DPIC works
configure:7610: gcc -c -g -O2  -fPIC -DPIC -DPIC conftest.c >&5
configure:7614: $? = 0
configure:7627: result: yes
configure:7651: checking if gcc static flag -static works
configure:7679: result: yes
configure:7694: checking if gcc supports -c -o file.o
configure:7715: gcc -c -g -O2  -o out/conftest2.o conftest.c >&5
configure:7719: $? = 0
configure:7741: result: yes
configure:7749: checking if gcc supports -c -o file.o
configure:7796: result: yes
configure:7829: checking whether the gcc linker (/usr/bin/ld -m elf_x86_64) supports shared libraries
configure:8904: result: yes
configure:8941: checking whether -lc should be explicitly linked in
configure:8949: gcc -c -g -O2  conftest.c >&5
configure:8952: $? = 0
configure:8967: gcc -shared conftest.o  -v -Wl,-soname -Wl,conftest -o conftest 2\>\&1 \| /bin/grep  -lc  \>/dev/null 2\>\&1
configure:8970: $? = 0
configure:8984: result: no
configure:9149: checking dynamic linker characteristics
configure:9604: gcc -o conftest -g -O2   -Wl,-rpath -Wl,/foo conftest.c  >&5
configure:9604: $? = 0
configure:9830: result: GNU/Linux ld.so
configure:9937: checking how to hardcode library paths into programs
configure:9962: result: immediate
configure:10502: checking whether stripping libraries is possible
configure:10507: result: yes
configure:10542: checking if libtool supports shared libraries
configure:10544: result: yes
configure:10547: checking whether to build shared libraries
configure:10568: result: yes
configure:10571: checking whether to build static libraries
configure:10575: result: yes
configure:10616: checking compiler flags required for compiling ANTLR with gcc C compiler on host x86_64-unknown-linux-gnu
configure:10690: result: -m32  -O2  -Wall
configure:10706: checking whether ln -s works
configure:10710: result: yes
configure:10717: checking whether make sets $(MAKE)
configure:10739: result: yes
configure:10756: checking for sys/types.h
configure:10756: result: yes
configure:10756: checking for netinet/in.h
configure:10756: gcc -c -m32  -O2  -Wall  conftest.c >&5
configure:10756: $? = 0
configure:10756: result: yes
configure:10756: checking for arpa/nameser.h
configure:10756: gcc -c -m32  -O2  -Wall  conftest.c >&5
configure:10756: $? = 0
configure:10756: result: yes
configure:10756: checking for netdb.h
configure:10756: gcc -c -m32  -O2  -Wall  conftest.c >&5
configure:10756: $? = 0
configure:10756: result: yes
configure:10756: checking for resolv.h
configure:10756: gcc -c -m32  -O2  -Wall  conftest.c >&5
configure:10756: $? = 0
configure:10756: result: yes
configure:10782: checking for sys/malloc.h
configure:10782: gcc -c -m32  -O2  -Wall  conftest.c >&5
conftest.c:36:24: fatal error: sys/malloc.h: No such file or directory
 #include <sys/malloc.h>
                        ^
compilation terminated.
configure:10782: $? = 1
configure: failed program was:
| /* confdefs.h */
| #define PACKAGE_NAME "libantlr3c"
| #define PACKAGE_TARNAME "libantlr3c"
| #define PACKAGE_VERSION "3.4"
| #define PACKAGE_STRING "libantlr3c 3.4"
| #define PACKAGE_BUGREPORT "jimi@temporal-wave.com"
| #define PACKAGE_URL ""
| #define PACKAGE "libantlr3c"
| #define VERSION "3.4"
| #define STDC_HEADERS 1
| #define HAVE_SYS_TYPES_H 1
| #define HAVE_SYS_STAT_H 1
| #define HAVE_STDLIB_H 1
| #define HAVE_STRING_H 1
| #define HAVE_MEMORY_H 1
| #define HAVE_STRINGS_H 1
| #define HAVE_INTTYPES_H 1
| #define HAVE_STDINT_H 1
| #define HAVE_UNISTD_H 1
| #define HAVE_DLFCN_H 1
| #define LT_OBJDIR ".libs/"
| #define HAVE_SYS_TYPES_H 1
| #define HAVE_NETINET_IN_H 1
| #define HAVE_ARPA_NAMESER_H 1
| #define HAVE_NETDB_H 1
| #define HAVE_RESOLV_H 1
| /* end confdefs.h.  */
| #ifdef HAVE_SYS_MALLOC_H
| #include <sys/malloc.h>
| #endif
| #ifdef HAVE_MALLOC_H
| #include <malloc.h>
| #endif
| 
| 
| #include <sys/malloc.h>
configure:10782: result: no
configure:10782: checking for malloc.h
configure:10782: gcc -c -m32  -O2  -Wall  conftest.c >&5
configure:10782: $? = 0
configure:10782: result: yes
configure:10801: checking for stdarg.h
configure:10801: gcc -c -m32  -O2  -Wall  conftest.c >&5
configure:10801: $? = 0
configure:10801: result: yes
configure:10818: checking for sys/stat.h
configure:10818: result: yes
configure:10835: checking for ctype.h
configure:10835: gcc -c -m32  -O2  -Wall  conftest.c >&5
configure:10835: $? = 0
configure:10835: result: yes
configure:10852: checking for netinet/tcp.h
configure:10852: gcc -c -m32  -O2  -Wall  conftest.c >&5
configure:10852: $? = 0
configure:10852: result: yes
configure:10870: checking for sys/socket.h
configure:10870: gcc -c -m32  -O2  -Wall  conftest.c >&5
configure:10870: $? = 0
configure:10870: result: yes
configure:10870: checking for socket.h
configure:10870: gcc -c -m32  -O2  -Wall  conftest.c >&5
conftest.c:42:20: fatal error: socket.h: No such file or directory
 #include <socket.h>
                    ^
compilation terminated.
configure:10870: $? = 1
configure: failed program was:
| /* confdefs.h */
| #define PACKAGE_NAME "libantlr3c"
| #define PACKAGE_TARNAME "libantlr3c"
| #define PACKAGE_VERSION "3.4"
| #define PACKAGE_STRING "libantlr3c 3.4"
| #define PACKAGE_BUGREPORT "jimi@temporal-wave.com"
| #define PACKAGE_URL ""
| #define PACKAGE "libantlr3c"
| #define VERSION "3.4"
| #define STDC_HEADERS 1
| #define HAVE_SYS_TYPES_H 1
| #define HAVE_SYS_STAT_H 1
| #define HAVE_STDLIB_H 1
| #define HAVE_STRING_H 1
| #define HAVE_MEMORY_H 1
| #define HAVE_STRINGS_H 1
| #define HAVE_INTTYPES_H 1
| #define HAVE_STDINT_H 1
| #define HAVE_UNISTD_H 1
| #define HAVE_DLFCN_H 1
| #define LT_OBJDIR ".libs/"
| #define HAVE_SYS_TYPES_H 1
| #define HAVE_NETINET_IN_H 1
| #define HAVE_ARPA_NAMESER_H 1
| #define HAVE_NETDB_H 1
| #define HAVE_RESOLV_H 1
| #define HAVE_MALLOC_H 1
| #define HAVE_STDARG_H 1
| #define HAVE_SYS_STAT_H 1
| #define HAVE_CTYPE_H 1
| #define HAVE_NETINET_TCP_H 1
| #define HAVE_SYS_SOCKET_H 1
| /* end confdefs.h.  */
| #ifdef HAVE_SYS_SOCKET_H
| #include <sys/socket.h>
| #endif
| #ifdef HAVE_SOCKET_H
| #include <socket.h>
| #endif
| 
| 
| #include <socket.h>
configure:10870: result: no
configure:10889: checking for an ANSI C-conforming const
configure:10955: gcc -c -m32  -O2  -Wall  conftest.c >&5
configure:10955: $? = 0
configure:10962: result: yes
configure:10970: checking for size_t
configure:10970: gcc -c -m32  -O2  -Wall  conftest.c >&5
configure:10970: $? = 0
configure:10970: gcc -c -m32  -O2  -Wall  conftest.c >&5
conftest.c: In function 'main':
conftest.c:70:21: error: expected expression before ')' token
 if (sizeof ((size_t)))
                     ^
configure:10970: $? = 1
configure: failed program was:
| /* confdefs.h */
| #define PACKAGE_NAME "libantlr3c"
| #define PACKAGE_TARNAME "libantlr3c"
| #define PACKAGE_VERSION "3.4"
| #define PACKAGE_STRING "libantlr3c 3.4"
| #define PACKAGE_BUGREPORT "jimi@temporal-wave.com"
| #define PACKAGE_URL ""
| #define PACKAGE "libantlr3c"
| #define VERSION "3.4"
| #define STDC_HEADERS 1
| #define HAVE_SYS_TYPES_H 1
| #define HAVE_SYS_STAT_H 1
| #define HAVE_STDLIB_H 1
| #define HAVE_STRING_H 1
| #define HAVE_MEMORY_H 1
| #define HAVE_STRINGS_H 1
| #define HAVE_INTTYPES_H 1
| #define HAVE_STDINT_H 1
| #define HAVE_UNISTD_H 1
| #define HAVE_DLFCN_H 1
| #define LT_OBJDIR ".libs/"
| #define HAVE_SYS_TYPES_H 1
| #define HAVE_NETINET_IN_H 1
| #define HAVE_ARPA_NAMESER_H 1
| #define HAVE_NETDB_H 1
| #define HAVE_RESOLV_H 1
| #define HAVE_MALLOC_H 1
| #define HAVE_STDARG_H 1
| #define HAVE_SYS_STAT_H 1
| #define HAVE_CTYPE_H 1
| #define HAVE_NETINET_TCP_H 1
| #define HAVE_SYS_SOCKET_H 1
| /* end confdefs.h.  */
| #include <stdio.h>
| #ifdef HAVE_SYS_TYPES_H
| # include <sys/types.h>
| #endif
| #ifdef HAVE_SYS_STAT_H
| # include <sys/stat.h>
| #endif
| #ifdef STDC_HEADERS
| # include <stdlib.h>
| # include <stddef.h>
| #else
| # ifdef HAVE_STDLIB_H
| #  include <stdlib.h>
| # endif
| #endif
| #ifdef HAVE_STRING_H
| # if !defined STDC_HEADERS && defined HAVE_MEMORY_H
| #  include <memory.h>
| # endif
| # include <string.h>
| #endif
| #ifdef HAVE_STRINGS_H
| # include <strings.h>
| #endif
| #ifdef HAVE_INTTYPES_H
| # include <inttypes.h>
| #endif
| #ifdef HAVE_STDINT_H
| # include <stdint.h>
| #endif
| #ifdef HAVE_UNISTD_H
| # include <unistd.h>
| #endif
| int
| main ()
| {
| if (sizeof ((size_t)))
| 	    return 0;
|   ;
|   return 0;
| }
configure:10970: result: yes
configure:10981: checking for int8_t
configure:10981: gcc -c -m32  -O2  -Wall  conftest.c >&5
configure:10981: $? = 0
configure:10981: gcc -c -m32  -O2  -Wall  conftest.c >&5
conftest.c: In function 'main':
conftest.c:71:12: error: size of array 'test_array' is negative
 static int test_array [1 - 2 * !((int8_t) (((((int8_t) 1 << N) << N) - 1) * 2 + 1)
            ^
configure:10981: $? = 1
configure: failed program was:
| /* confdefs.h */
| #define PACKAGE_NAME "libantlr3c"
| #define PACKAGE_TARNAME "libantlr3c"
| #define PACKAGE_VERSION "3.4"
| #define PACKAGE_STRING "libantlr3c 3.4"
| #define PACKAGE_BUGREPORT "jimi@temporal-wave.com"
| #define PACKAGE_URL ""
| #define PACKAGE "libantlr3c"
| #define VERSION "3.4"
| #define STDC_HEADERS 1
| #define HAVE_SYS_TYPES_H 1
| #define HAVE_SYS_STAT_H 1
| #define HAVE_STDLIB_H 1
| #define HAVE_STRING_H 1
| #define HAVE_MEMORY_H 1
| #define HAVE_STRINGS_H 1
| #define HAVE_INTTYPES_H 1
| #define HAVE_STDINT_H 1
| #define HAVE_UNISTD_H 1
| #define HAVE_DLFCN_H 1
| #define LT_OBJDIR ".libs/"
| #define HAVE_SYS_TYPES_H 1
| #define HAVE_NETINET_IN_H 1
| #define HAVE_ARPA_NAMESER_H 1
| #define HAVE_NETDB_H 1
| #define HAVE_RESOLV_H 1
| #define HAVE_MALLOC_H 1
| #define HAVE_STDARG_H 1
| #define HAVE_SYS_STAT_H 1
| #define HAVE_CTYPE_H 1
| #define HAVE_NETINET_TCP_H 1
| #define HAVE_SYS_SOCKET_H 1
| /* end confdefs.h.  */
| #include <stdio.h>
| #ifdef HAVE_SYS_TYPES_H
| # include <sys/types.h>
| #endif
| #ifdef HAVE_SYS_STAT_H
| # include <sys/stat.h>
| #endif
| #ifdef STDC_HEADERS
| # include <stdlib.h>
| # include <stddef.h>
| #else
| # ifdef HAVE_STDLIB_H
| #  include <stdlib.h>
| # endif
| #endif
| #ifdef HAVE_STRING_H
| # if !defined STDC_HEADERS && defined HAVE_MEMORY_H
| #  include <memory.h>
| # endif
| # include <string.h>
| #endif
| #ifdef HAVE_STRINGS_H
| # include <strings.h>
| #endif
| #ifdef HAVE_INTTYPES_H
| # include <inttypes.h>
| #endif
| #ifdef HAVE_STDINT_H
| # include <stdint.h>
| #endif
| #ifdef HAVE_UNISTD_H
| # include <unistd.h>
| #endif
| 	        enum { N = 8 / 2 - 1 };
| int
| main ()
| {
| static int test_array [1 - 2 * !((int8_t) (((((int8_t) 1 << N) << N) - 1) * 2 + 1)
| 		 < (int8_t) (((((int8_t) 1 << N) << N) - 1) * 2 + 2))];
| test_array [0] = 0;
| return test_array [0];
| 
|   ;
|   return 0;
| }
configure:10981: result: yes
configure:10992: checking for int16_t
configure:10992: gcc -c -m32  -O2  -Wall  conftest.c >&5
configure:10992: $? = 0
configure:10992: gcc -c -m32  -O2  -Wall  conftest.c >&5
conftest.c: In function 'main':
conftest.c:71:12: error: size of array 'test_array' is negative
 static int test_array [1 - 2 * !((int16_t) (((((int16_t) 1 << N) << N) - 1) * 2 + 1)
            ^
configure:10992: $? = 1
configure: failed program was:
| /* confdefs.h */
| #define PACKAGE_NAME "libantlr3c"
| #define PACKAGE_TARNAME "libantlr3c"
| #define PACKAGE_VERSION "3.4"
| #define PACKAGE_STRING "libantlr3c 3.4"
| #define PACKAGE_BUGREPORT "jimi@temporal-wave.com"
| #define PACKAGE_URL ""
| #define PACKAGE "libantlr3c"
| #define VERSION "3.4"
| #define STDC_HEADERS 1
| #define HAVE_SYS_TYPES_H 1
| #define HAVE_SYS_STAT_H 1
| #define HAVE_STDLIB_H 1
| #define HAVE_STRING_H 1
| #define HAVE_MEMORY_H 1
| #define HAVE_STRINGS_H 1
| #define HAVE_INTTYPES_H 1
| #define HAVE_STDINT_H 1
| #define HAVE_UNISTD_H 1
| #define HAVE_DLFCN_H 1
| #define LT_OBJDIR ".libs/"
| #define HAVE_SYS_TYPES_H 1
| #define HAVE_NETINET_IN_H 1
| #define HAVE_ARPA_NAMESER_H 1
| #define HAVE_NETDB_H 1
| #define HAVE_RESOLV_H 1
| #define HAVE_MALLOC_H 1
| #define HAVE_STDARG_H 1
| #define HAVE_SYS_STAT_H 1
| #define HAVE_CTYPE_H 1
| #define HAVE_NETINET_TCP_H 1
| #define HAVE_SYS_SOCKET_H 1
| /* end confdefs.h.  */
| #include <stdio.h>
| #ifdef HAVE_SYS_TYPES_H
| # include <sys/types.h>
| #endif
| #ifdef HAVE_SYS_STAT_H
| # include <sys/stat.h>
| #endif
| #ifdef STDC_HEADERS
| # include <stdlib.h>
| # include <stddef.h>
| #else
| # ifdef HAVE_STDLIB_H
| #  include <stdlib.h>
| # endif
| #endif
| #ifdef HAVE_STRING_H
| # if !defined STDC_HEADERS && defined HAVE_MEMORY_H
| #  include <memory.h>
| # endif
| # include <string.h>
| #endif
| #ifdef HAVE_STRINGS_H
| # include <strings.h>
| #endif
| #ifdef HAVE_INTTYPES_H
| # include <inttypes.h>
| #endif
| #ifdef HAVE_STDINT_H
| # include <stdint.h>
| #endif
| #ifdef HAVE_UNISTD_H
| # include <unistd.h>
| #endif
| 	        enum { N = 16 / 2 - 1 };
| int
| main ()
| {
| static int test_array [1 - 2 * !((int16_t) (((((int16_t) 1 << N) << N) - 1) * 2 + 1)
| 		 < (int16_t) (((((int16_t) 1 << N) << N) - 1) * 2 + 2))];
| test_array [0] = 0;
| return test_array [0];
| 
|   ;
|   return 0;
| }
configure:10992: result: yes
configure:11003: checking for int32_t
configure:11003: gcc -c -m32  -O2  -Wall  conftest.c >&5
configure:11003: $? = 0
configure:11003: gcc -c -m32  -O2  -Wall  conftest.c >&5
conftest.c: In function 'main':
conftest.c:72:53: warning: integer overflow in expression [-Woverflow]
    < (int32_t) (((((int32_t) 1 << N) << N) - 1) * 2 + 2))];
                                                     ^
conftest.c:71:12: error: storage size of 'test_array' isn't constant
 static int test_array [1 - 2 * !((int32_t) (((((int32_t) 1 << N) << N) - 1) * 2 + 1)
            ^
conftest.c:71:12: warning: unused variable 'test_array' [-Wunused-variable]
configure:11003: $? = 1
configure: failed program was:
| /* confdefs.h */
| #define PACKAGE_NAME "libantlr3c"
| #define PACKAGE_TARNAME "libantlr3c"
| #define PACKAGE_VERSION "3.4"
| #define PACKAGE_STRING "libantlr3c 3.4"
| #define PACKAGE_BUGREPORT "jimi@temporal-wave.com"
| #define PACKAGE_URL ""
| #define PACKAGE "libantlr3c"
| #define VERSION "3.4"
| #define STDC_HEADERS 1
| #define HAVE_SYS_TYPES_H 1
| #define HAVE_SYS_STAT_H 1
| #define HAVE_STDLIB_H 1
| #define HAVE_STRING_H 1
| #define HAVE_MEMORY_H 1
| #define HAVE_STRINGS_H 1
| #define HAVE_INTTYPES_H 1
| #define HAVE_STDINT_H 1
| #define HAVE_UNISTD_H 1
| #define HAVE_DLFCN_H 1
| #define LT_OBJDIR ".libs/"
| #define HAVE_SYS_TYPES_H 1
| #define HAVE_NETINET_IN_H 1
| #define HAVE_ARPA_NAMESER_H 1
| #define HAVE_NETDB_H 1
| #define HAVE_RESOLV_H 1
| #define HAVE_MALLOC_H 1
| #define HAVE_STDARG_H 1
| #define HAVE_SYS_STAT_H 1
| #define HAVE_CTYPE_H 1
| #define HAVE_NETINET_TCP_H 1
| #define HAVE_SYS_SOCKET_H 1
| /* end confdefs.h.  */
| #include <stdio.h>
| #ifdef HAVE_SYS_TYPES_H
| # include <sys/types.h>
| #endif
| #ifdef HAVE_SYS_STAT_H
| # include <sys/stat.h>
| #endif
| #ifdef STDC_HEADERS
| # include <stdlib.h>
| # include <stddef.h>
| #else
| # ifdef HAVE_STDLIB_H
| #  include <stdlib.h>
| # endif
| #endif
| #ifdef HAVE_STRING_H
| # if !defined STDC_HEADERS && defined HAVE_MEMORY_H
| #  include <memory.h>
| # endif
| # include <string.h>
| #endif
| #ifdef HAVE_STRINGS_H
| # include <strings.h>
| #endif
| #ifdef HAVE_INTTYPES_H
| # include <inttypes.h>
| #endif
| #ifdef HAVE_STDINT_H
| # include <stdint.h>
| #endif
| #ifdef HAVE_UNISTD_H
| # include <unistd.h>
| #endif
| 	        enum { N = 32 / 2 - 1 };
| int
| main ()
| {
| static int test_array [1 - 2 * !((int32_t) (((((int32_t) 1 << N) << N) - 1) * 2 + 1)
| 		 < (int32_t) (((((int32_t) 1 << N) << N) - 1) * 2 + 2))];
| test_array [0] = 0;
| return test_array [0];
| 
|   ;
|   return 0;
| }
configure:11003: result: yes
configure:11014: checking for int64_t
configure:11014: gcc -c -m32  -O2  -Wall  conftest.c >&5
configure:11014: $? = 0
configure:11014: gcc -c -m32  -O2  -Wall  conftest.c >&5
conftest.c: In function 'main':
conftest.c:72:53: warning: integer overflow in expression [-Woverflow]
    < (int64_t) (((((int64_t) 1 << N) << N) - 1) * 2 + 2))];
                                                     ^
conftest.c:71:12: error: storage size of 'test_array' isn't constant
 static int test_array [1 - 2 * !((int64_t) (((((int64_t) 1 << N) << N) - 1) * 2 + 1)
            ^
conftest.c:71:12: warning: unused variable 'test_array' [-Wunused-variable]
configure:11014: $? = 1
configure: failed program was:
| /* confdefs.h */
| #define PACKAGE_NAME "libantlr3c"
| #define PACKAGE_TARNAME "libantlr3c"
| #define PACKAGE_VERSION "3.4"
| #define PACKAGE_STRING "libantlr3c 3.4"
| #define PACKAGE_BUGREPORT "jimi@temporal-wave.com"
| #define PACKAGE_URL ""
| #define PACKAGE "libantlr3c"
| #define VERSION "3.4"
| #define STDC_HEADERS 1
| #define HAVE_SYS_TYPES_H 1
| #define HAVE_SYS_STAT_H 1
| #define HAVE_STDLIB_H 1
| #define HAVE_STRING_H 1
| #define HAVE_MEMORY_H 1
| #define HAVE_STRINGS_H 1
| #define HAVE_INTTYPES_H 1
| #define HAVE_STDINT_H 1
| #define HAVE_UNISTD_H 1
| #define HAVE_DLFCN_H 1
| #define LT_OBJDIR ".libs/"
| #define HAVE_SYS_TYPES_H 1
| #define HAVE_NETINET_IN_H 1
| #define HAVE_ARPA_NAMESER_H 1
| #define HAVE_NETDB_H 1
| #define HAVE_RESOLV_H 1
| #define HAVE_MALLOC_H 1
| #define HAVE_STDARG_H 1
| #define HAVE_SYS_STAT_H 1
| #define HAVE_CTYPE_H 1
| #define HAVE_NETINET_TCP_H 1
| #define HAVE_SYS_SOCKET_H 1
| /* end confdefs.h.  */
| #include <stdio.h>
| #ifdef HAVE_SYS_TYPES_H
| # include <sys/types.h>
| #endif
| #ifdef HAVE_SYS_STAT_H
| # include <sys/stat.h>
| #endif
| #ifdef STDC_HEADERS
| # include <stdlib.h>
| # include <stddef.h>
| #else
| # ifdef HAVE_STDLIB_H
| #  include <stdlib.h>
| # endif
| #endif
| #ifdef HAVE_STRING_H
| # if !defined STDC_HEADERS && defined HAVE_MEMORY_H
| #  include <memory.h>
| # endif
| # include <string.h>
| #endif
| #ifdef HAVE_STRINGS_H
| # include <strings.h>
| #endif
| #ifdef HAVE_INTTYPES_H
| # include <inttypes.h>
| #endif
| #ifdef HAVE_STDINT_H
| # include <stdint.h>
| #endif
| #ifdef HAVE_UNISTD_H
| # include <unistd.h>
| #endif
| 	        enum { N = 64 / 2 - 1 };
| int
| main ()
| {
| static int test_array [1 - 2 * !((int64_t) (((((int64_t) 1 << N) << N) - 1) * 2 + 1)
| 		 < (int64_t) (((((int64_t) 1 << N) << N) - 1) * 2 + 2))];
| test_array [0] = 0;
| return test_array [0];
| 
|   ;
|   return 0;
| }
configure:11014: result: yes
configure:11026: checking for intptr_t
configure:11026: gcc -c -m32  -O2  -Wall  conftest.c >&5
configure:11026: $? = 0
configure:11026: gcc -c -m32  -O2  -Wall  conftest.c >&5
conftest.c: In function 'main':
conftest.c:70:23: error: expected expression before ')' token
 if (sizeof ((intptr_t)))
                       ^
configure:11026: $? = 1
configure: failed program was:
| /* confdefs.h */
| #define PACKAGE_NAME "libantlr3c"
| #define PACKAGE_TARNAME "libantlr3c"
| #define PACKAGE_VERSION "3.4"
| #define PACKAGE_STRING "libantlr3c 3.4"
| #define PACKAGE_BUGREPORT "jimi@temporal-wave.com"
| #define PACKAGE_URL ""
| #define PACKAGE "libantlr3c"
| #define VERSION "3.4"
| #define STDC_HEADERS 1
| #define HAVE_SYS_TYPES_H 1
| #define HAVE_SYS_STAT_H 1
| #define HAVE_STDLIB_H 1
| #define HAVE_STRING_H 1
| #define HAVE_MEMORY_H 1
| #define HAVE_STRINGS_H 1
| #define HAVE_INTTYPES_H 1
| #define HAVE_STDINT_H 1
| #define HAVE_UNISTD_H 1
| #define HAVE_DLFCN_H 1
| #define LT_OBJDIR ".libs/"
| #define HAVE_SYS_TYPES_H 1
| #define HAVE_NETINET_IN_H 1
| #define HAVE_ARPA_NAMESER_H 1
| #define HAVE_NETDB_H 1
| #define HAVE_RESOLV_H 1
| #define HAVE_MALLOC_H 1
| #define HAVE_STDARG_H 1
| #define HAVE_SYS_STAT_H 1
| #define HAVE_CTYPE_H 1
| #define HAVE_NETINET_TCP_H 1
| #define HAVE_SYS_SOCKET_H 1
| /* end confdefs.h.  */
| #include <stdio.h>
| #ifdef HAVE_SYS_TYPES_H
| # include <sys/types.h>
| #endif
| #ifdef HAVE_SYS_STAT_H
| # include <sys/stat.h>
| #endif
| #ifdef STDC_HEADERS
| # include <stdlib.h>
| # include <stddef.h>
| #else
| # ifdef HAVE_STDLIB_H
| #  include <stdlib.h>
| # endif
| #endif
| #ifdef HAVE_STRING_H
| # if !defined STDC_HEADERS && defined HAVE_MEMORY_H
| #  include <memory.h>
| # endif
| # include <string.h>
| #endif
| #ifdef HAVE_STRINGS_H
| # include <strings.h>
| #endif
| #ifdef HAVE_INTTYPES_H
| # include <inttypes.h>
| #endif
| #ifdef HAVE_STDINT_H
| # include <stdint.h>
| #endif
| #ifdef HAVE_UNISTD_H
| # include <unistd.h>
| #endif
| int
| main ()
| {
| if (sizeof ((intptr_t)))
| 	    return 0;
|   ;
|   return 0;
| }
configure:11026: result: yes
configure:11061: checking for uint8_t
configure:11061: gcc -c -m32  -O2  -Wall  conftest.c >&5
configure:11061: $? = 0
configure:11061: result: yes
configure:11075: checking for uint16_t
configure:11075: gcc -c -m32  -O2  -Wall  conftest.c >&5
configure:11075: $? = 0
configure:11075: result: yes
configure:11087: checking for uint32_t
configure:11087: gcc -c -m32  -O2  -Wall  conftest.c >&5
configure:11087: $? = 0
configure:11087: result: yes
configure:11101: checking for uint64_t
configure:11101: gcc -c -m32  -O2  -Wall  conftest.c >&5
configure:11101: $? = 0
configure:11101: result: yes
configure:11116: checking for uintptr_t
configure:11116: gcc -c -m32  -O2  -Wall  conftest.c >&5
configure:11116: $? = 0
configure:11116: gcc -c -m32  -O2  -Wall  conftest.c >&5
conftest.c: In function 'main':
conftest.c:71:24: error: expected expression before ')' token
 if (sizeof ((uintptr_t)))
                        ^
configure:11116: $? = 1
configure: failed program was:
| /* confdefs.h */
| #define PACKAGE_NAME "libantlr3c"
| #define PACKAGE_TARNAME "libantlr3c"
| #define PACKAGE_VERSION "3.4"
| #define PACKAGE_STRING "libantlr3c 3.4"
| #define PACKAGE_BUGREPORT "jimi@temporal-wave.com"
| #define PACKAGE_URL ""
| #define PACKAGE "libantlr3c"
| #define VERSION "3.4"
| #define STDC_HEADERS 1
| #define HAVE_SYS_TYPES_H 1
| #define HAVE_SYS_STAT_H 1
| #define HAVE_STDLIB_H 1
| #define HAVE_STRING_H 1
| #define HAVE_MEMORY_H 1
| #define HAVE_STRINGS_H 1
| #define HAVE_INTTYPES_H 1
| #define HAVE_STDINT_H 1
| #define HAVE_UNISTD_H 1
| #define HAVE_DLFCN_H 1
| #define LT_OBJDIR ".libs/"
| #define HAVE_SYS_TYPES_H 1
| #define HAVE_NETINET_IN_H 1
| #define HAVE_ARPA_NAMESER_H 1
| #define HAVE_NETDB_H 1
| #define HAVE_RESOLV_H 1
| #define HAVE_MALLOC_H 1
| #define HAVE_STDARG_H 1
| #define HAVE_SYS_STAT_H 1
| #define HAVE_CTYPE_H 1
| #define HAVE_NETINET_TCP_H 1
| #define HAVE_SYS_SOCKET_H 1
| #define HAVE_INTPTR_T 1
| /* end confdefs.h.  */
| #include <stdio.h>
| #ifdef HAVE_SYS_TYPES_H
| # include <sys/types.h>
| #endif
| #ifdef HAVE_SYS_STAT_H
| # include <sys/stat.h>
| #endif
| #ifdef STDC_HEADERS
| # include <stdlib.h>
| # include <stddef.h>
| #else
| # ifdef HAVE_STDLIB_H
| #  include <stdlib.h>
| # endif
| #endif
| #ifdef HAVE_STRING_H
| # if !defined STDC_HEADERS && defined HAVE_MEMORY_H
| #  include <memory.h>
| # endif
| # include <string.h>
| #endif
| #ifdef HAVE_STRINGS_H
| # include <strings.h>
| #endif
| #ifdef HAVE_INTTYPES_H
| # include <inttypes.h>
| #endif
| #ifdef HAVE_STDINT_H
| # include <stdint.h>
| #endif
| #ifdef HAVE_UNISTD_H
| # include <unistd.h>
| #endif
| int
| main ()
| {
| if (sizeof ((uintptr_t)))
| 	    return 0;
|   ;
|   return 0;
| }
configure:11116: result: yes
configure:11152: checking for inline
configure:11168: gcc -c -m32  -O2  -Wall  conftest.c >&5
configure:11168: $? = 0
configure:11176: result: inline
configure:11200: checking for memmove
configure:11200: gcc -o conftest -m32  -O2  -Wall   conftest.c  >&5
conftest.c:59:6: warning: conflicting types for built-in function 'memmove' [enabled by default]
 char memmove ();
      ^
configure:11200: $? = 0
configure:11200: result: yes
configure:11200: checking for memset
configure:11200: gcc -o conftest -m32  -O2  -Wall   conftest.c  >&5
conftest.c:60:6: warning: conflicting types for built-in function 'memset' [enabled by default]
 char memset ();
      ^
configure:11200: $? = 0
configure:11200: result: yes
configure:11200: checking for strdup
configure:11200: gcc -o conftest -m32  -O2  -Wall   conftest.c  >&5
conftest.c:61:6: warning: conflicting types for built-in function 'strdup' [enabled by default]
 char strdup ();
      ^
configure:11200: $? = 0
configure:11200: result: yes
configure:11200: checking for accept
configure:11200: gcc -o conftest -m32  -O2  -Wall   conftest.c  >&5
configure:11200: $? = 0
configure:11200: result: yes
configure:11350: creating ./config.status

## ---------------------- ##
## Running config.status. ##
## ---------------------- ##

This file was extended by libantlr3c config.status 3.4, which was
generated by GNU Autoconf 2.69.  Invocation command line was

  CONFIG_FILES    = 
  CONFIG_HEADERS  = 
  CONFIG_LINKS    = 
  CONFIG_COMMANDS = 
  $ ./config.status 

on student-OptiPlex-980

config.status:1083: creating Makefile
config.status:1083: creating antlr3config.h
config.status:1312: executing depfiles commands
config.status:1312: executing libtool commands

## ---------------- ##
## Cache variables. ##
## ---------------- ##

ac_cv_build=x86_64-unknown-linux-gnu
ac_cv_c_compiler_gnu=yes
ac_cv_c_const=yes
ac_cv_c_inline=inline
ac_cv_c_int16_t=yes
ac_cv_c_int32_t=yes
ac_cv_c_int64_t=yes
ac_cv_c_int8_t=yes
ac_cv_c_uint16_t=yes
ac_cv_c_uint32_t=yes
ac_cv_c_uint64_t=yes
ac_cv_c_uint8_t=yes
ac_cv_env_CC_set=
ac_cv_env_CC_value=
ac_cv_env_CFLAGS_set=
ac_cv_env_CFLAGS_value=
ac_cv_env_CPPFLAGS_set=
ac_cv_env_CPPFLAGS_value=
ac_cv_env_CPP_set=
ac_cv_env_CPP_value=
ac_cv_env_LDFLAGS_set=
ac_cv_env_LDFLAGS_value=
ac_cv_env_LIBS_set=
ac_cv_env_LIBS_value=
ac_cv_env_build_alias_set=
ac_cv_env_build_alias_value=
ac_cv_env_host_alias_set=
ac_cv_env_host_alias_value=
ac_cv_env_target_alias_set=
ac_cv_env_target_alias_value=
ac_cv_func_accept=yes
ac_cv_func_memmove=yes
ac_cv_func_memset=yes
ac_cv_func_strdup=yes
ac_cv_header_arpa_nameser_h=yes
ac_cv_header_ctype_h=yes
ac_cv_header_dlfcn_h=yes
ac_cv_header_inttypes_h=yes
ac_cv_header_malloc_h=yes
ac_cv_header_memory_h=yes
ac_cv_header_netdb_h=yes
ac_cv_header_netinet_in_h=yes
ac_cv_header_netinet_tcp_h=yes
ac_cv_header_resolv_h=yes
ac_cv_header_socket_h=no
ac_cv_header_stdarg_h=yes
ac_cv_header_stdc=yes
ac_cv_header_stdint_h=yes
ac_cv_header_stdlib_h=yes
ac_cv_header_string_h=yes
ac_cv_header_strings_h=yes
ac_cv_header_sys_malloc_h=no
ac_cv_header_sys_socket_h=yes
ac_cv_header_sys_stat_h=yes
ac_cv_header_sys_types_h=yes
ac_cv_header_unistd_h=yes
ac_cv_host=x86_64-unknown-linux-gnu
ac_cv_objext=o
ac_cv_path_EGREP='/bin/grep -E'
ac_cv_path_FGREP='/bin/grep -F'
ac_cv_path_GREP=/bin/grep
ac_cv_path_SED=/bin/sed
ac_cv_path_install='/usr/bin/install -c'
ac_cv_path_mkdir=/bin/mkdir
ac_cv_prog_AWK=gawk
ac_cv_prog_CPP='gcc -E'
ac_cv_prog_ac_ct_AR=ar
ac_cv_prog_ac_ct_CC=gcc
ac_cv_prog_ac_ct_OBJDUMP=objdump
ac_cv_prog_ac_ct_RANLIB=ranlib
ac_cv_prog_ac_ct_STRIP=strip
ac_cv_prog_cc_c89=
ac_cv_prog_cc_g=yes
ac_cv_prog_make_make_set=yes
ac_cv_type_intptr_t=yes
ac_cv_type_size_t=yes
ac_cv_type_uintptr_t=yes
am_cv_CC_dependencies_compiler_type=gcc3
lt_cv_archive_cmds_need_lc=no
lt_cv_deplibs_check_method=pass_all
lt_cv_file_magic_cmd='$MAGIC_CMD'
lt_cv_file_magic_test_file=
lt_cv_ld_reload_flag=-r
lt_cv_nm_interface='BSD nm'
lt_cv_objdir=.libs
lt_cv_path_LD=/usr/bin/ld
lt_cv_path_NM='/usr/bin/nm -B'
lt_cv_prog_compiler_c_o=yes
lt_cv_prog_compiler_pic_works=yes
lt_cv_prog_compiler_rtti_exceptions=no
lt_cv_prog_compiler_static_works=yes
lt_cv_prog_gnu_ld=yes
lt_cv_shlibpath_overrides_runpath=no
lt_cv_sys_global_symbol_pipe='sed -n -e '\''s/^.*[	 ]\([ABCDGIRSTW][ABCDGIRSTW]*\)[	 ][	 ]*\([_A-Za-z][_A-Za-z0-9]*\)$/\1 \2 \2/p'\'''
lt_cv_sys_global_symbol_to_c_name_address='sed -n -e '\''s/^: \([^ ]*\) $/  {\"\1\", (void *) 0},/p'\'' -e '\''s/^[ABCDGIRSTW]* \([^ ]*\) \([^ ]*\)$/  {"\2", (void *) \&\2},/p'\'''
lt_cv_sys_global_symbol_to_c_name_address_lib_prefix='sed -n -e '\''s/^: \([^ ]*\) $/  {\"\1\", (void *) 0},/p'\'' -e '\''s/^[ABCDGIRSTW]* \([^ ]*\) \(lib[^ ]*\)$/  {"\2", (void *) \&\2},/p'\'' -e '\''s/^[ABCDGIRSTW]* \([^ ]*\) \([^ ]*\)$/  {"lib\2", (void *) \&\2},/p'\'''
lt_cv_sys_global_symbol_to_cdecl='sed -n -e '\''s/^T .* \(.*\)$/extern int \1();/p'\'' -e '\''s/^[ABCDGIRSTW]* .* \(.*\)$/extern char \1;/p'\'''
lt_cv_sys_max_cmd_len=1572864

## ----------------- ##
## Output variables. ##
## ----------------- ##

ACLOCAL='${SHELL} /home/stbadmin/repository-manager/antlr/libantlr3c-3.4/missing --run aclocal-1.11'
AMDEPBACKSLASH='\'
AMDEP_FALSE='#'
AMDEP_TRUE=''
AMTAR='${SHELL} /home/stbadmin/repository-manager/antlr/libantlr3c-3.4/missing --run tar'
AR='ar'
AUTOCONF='${SHELL} /home/stbadmin/repository-manager/antlr/libantlr3c-3.4/missing --run autoconf'
AUTOHEADER='${SHELL} /home/stbadmin/repository-manager/antlr/libantlr3c-3.4/missing --run autoheader'
AUTOMAKE='${SHELL} /home/stbadmin/repository-manager/antlr/libantlr3c-3.4/missing --run automake-1.11'
AWK='gawk'
CC='gcc'
CCDEPMODE='depmode=gcc3'
CFLAGS='-m32  -O2  -Wall'
CPP='gcc -E'
CPPFLAGS=''
CYGPATH_W='echo'
DEFS='-DHAVE_CONFIG_H'
DEPDIR='.deps'
DSYMUTIL=''
DUMPBIN=''
ECHO_C=''
ECHO_N='-n'
ECHO_T=''
EGREP='/bin/grep -E'
EXEEXT=''
FGREP='/bin/grep -F'
GREP='/bin/grep'
INSTALL_DATA='${INSTALL} -m 644'
INSTALL_PROGRAM='${INSTALL}'
INSTALL_SCRIPT='${INSTALL}'
INSTALL_STRIP_PROGRAM='$(install_sh) -c -s'
LD='/usr/bin/ld -m elf_x86_64'
LDFLAGS=''
LIBOBJS=''
LIBS=''
LIBTOOL='$(SHELL) $(top_builddir)/libtool'
LIPO=''
LN_S='ln -s'
LTLIBOBJS=''
MAINT='#'
MAINTAINER_MODE_FALSE=''
MAINTAINER_MODE_TRUE='#'
MAKEINFO='${SHELL} /home/stbadmin/repository-manager/antlr/libantlr3c-3.4/missing --run makeinfo'
MKDIR_P='/bin/mkdir -p'
NM='/usr/bin/nm -B'
NMEDIT=''
OBJDUMP='objdump'
OBJECT_MODE=''
OBJEXT='o'
OTOOL64=''
OTOOL=''
PACKAGE='libantlr3c'
PACKAGE_BUGREPORT='jimi@temporal-wave.com'
PACKAGE_NAME='libantlr3c'
PACKAGE_STRING='libantlr3c 3.4'
PACKAGE_TARNAME='libantlr3c'
PACKAGE_URL=''
PACKAGE_VERSION='3.4'
PATH_SEPARATOR=':'
RANLIB='ranlib'
SED='/bin/sed'
SET_MAKE=''
SHELL='/bin/bash'
STRIP='strip'
VERSION='3.4'
ac_ct_CC='gcc'
ac_ct_DUMPBIN=''
am__EXEEXT_FALSE=''
am__EXEEXT_TRUE='#'
am__fastdepCC_FALSE='#'
am__fastdepCC_TRUE=''
am__include='include'
am__isrc=''
am__leading_dot='.'
am__quote=''
am__tar='${AMTAR} chof - "$$tardir"'
am__untar='${AMTAR} xf -'
bindir='${exec_prefix}/bin'
build='x86_64-unknown-linux-gnu'
build_alias=''
build_cpu='x86_64'
build_os='linux-gnu'
build_vendor='unknown'
datadir='${datarootdir}'
datarootdir='${prefix}/share'
docdir='${datarootdir}/doc/${PACKAGE_TARNAME}'
dvidir='${docdir}'
exec_prefix='${prefix}'
host='x86_64-unknown-linux-gnu'
host_alias=''
host_cpu='x86_64'
host_os='linux-gnu'
host_vendor='unknown'
htmldir='${docdir}'
includedir='${prefix}/include'
infodir='${datarootdir}/info'
install_sh='${SHELL} /home/stbadmin/repository-manager/antlr/libantlr3c-3.4/install-sh'
libdir='${exec_prefix}/lib'
libexecdir='${exec_prefix}/libexec'
localedir='${datarootdir}/locale'
localstatedir='${prefix}/var'
mandir='${datarootdir}/man'
mkdir_p='/bin/mkdir -p'
oldincludedir='/usr/include'
pdfdir='${docdir}'
prefix='/usr/local'
program_transform_name='s,x,x,'
psdir='${docdir}'
sbindir='${exec_prefix}/sbin'
sharedstatedir='${prefix}/com'
sysconfdir='${prefix}/etc'
target_alias=''

## ----------- ##
## confdefs.h. ##
## ----------- ##

/* confdefs.h */
#define PACKAGE_NAME "libantlr3c"
#define PACKAGE_TARNAME "libantlr3c"
#define PACKAGE_VERSION "3.4"
#define PACKAGE_STRING "libantlr3c 3.4"
#define PACKAGE_BUGREPORT "jimi@temporal-wave.com"
#define PACKAGE_URL ""
#define PACKAGE "libantlr3c"
#define VERSION "3.4"
#define STDC_HEADERS 1
#define HAVE_SYS_TYPES_H 1
#define HAVE_SYS_STAT_H 1
#define HAVE_STDLIB_H 1
#define HAVE_STRING_H 1
#define HAVE_MEMORY_H 1
#define HAVE_STRINGS_H 1
#define HAVE_INTTYPES_H 1
#define HAVE_STDINT_H 1
#define HAVE_UNISTD_H 1
#define HAVE_DLFCN_H 1
#define LT_OBJDIR ".libs/"
#define HAVE_SYS_TYPES_H 1
#define HAVE_NETINET_IN_H 1
#define HAVE_ARPA_NAMESER_H 1
#define HAVE_NETDB_H 1
#define HAVE_RESOLV_H 1
#define HAVE_MALLOC_H 1
#define HAVE_STDARG_H 1
#define HAVE_SYS_STAT_H 1
#define HAVE_CTYPE_H 1
#define HAVE_NETINET_TCP_H 1
#define HAVE_SYS_SOCKET_H 1
#define HAVE_INTPTR_T 1
#define HAVE_UINTPTR_T 1
#define HAVE_MEMMOVE 1
#define HAVE_MEMSET 1
#define HAVE_STRDUP 1
#define HAVE_ACCEPT 1

configure: exit 0
