This file contains any messages produced by compilers while
running configure, to aid debugging if configure makes a mistake.

It was created by configure, which was
generated by GNU Autoconf 2.69.  Invocation command line was

  $ ./configure 

## --------- ##
## Platform. ##
## --------- ##

hostname = student-OptiPlex-980
uname -m = x86_64
uname -r = 4.2.0-16-generic
uname -s = Linux
uname -v = #19-Ubuntu SMP Thu Oct 8 15:35:06 UTC 2015

/usr/bin/uname -p = unknown
/bin/uname -X     = unknown

/bin/arch              = unknown
/usr/bin/arch -k       = unknown
/usr/convex/getsysinfo = unknown
/usr/bin/hostinfo      = unknown
/bin/machine           = unknown
/usr/bin/oslevel       = unknown
/bin/universe          = unknown

PATH: /usr/local/sbin
PATH: /usr/local/bin
PATH: /usr/sbin
PATH: /usr/bin
PATH: /sbin
PATH: /bin
PATH: /usr/games
PATH: /usr/local/games
PATH: /home/stbadmin/Utils/node_modules/bower/bin
PATH: /home/stbadmin/Utils/scripts


## ----------- ##
## Core tests. ##
## ----------- ##

configure:3228: checking build system type
configure:3242: result: x86_64-unknown-linux-gnu
configure:3262: checking host system type
configure:3275: result: x86_64-unknown-linux-gnu
configure:3313: checking host system type... x86_64-unknown-linux-gnu
configure:3412: checking /home/stbadmin/Utils/tools/XSB/lib
configure:3414: result: OK
configure:3419: checking /home/stbadmin/Utils/tools/XSB/syslib
configure:3421: result: OK
configure:3426: checking /home/stbadmin/Utils/tools/XSB/cmplib
configure:3428: result: OK
configure:3439: checking /home/stbadmin/Utils/tools/XSB/bin
configure:3441: result: OK
configure:3446: checking /home/stbadmin/Utils/tools/XSB/config/x86_64-unknown-linux-gnu/bin
configure:3448: result: OK
configure:3453: checking /home/stbadmin/Utils/tools/XSB/config/x86_64-unknown-linux-gnu/lib
configure:3455: result: OK
configure:3460: checking /home/stbadmin/Utils/tools/XSB/config/x86_64-unknown-linux-gnu/saved.o
configure:3462: result: OK
configure:3467: checking /home/stbadmin/Utils/tools/XSB/site/lib
configure:3469: result: OK
configure:3474: checking /home/stbadmin/Utils/tools/XSB/site/config/x86_64-unknown-linux-gnu/lib
configure:3476: result: OK
configure:3481: checking /home/stbadmin/Utils/tools/XSB/emu
configure:3483: result: OK
configure:3488: checking /home/stbadmin/Utils/tools/XSB/lib
configure:3490: result: OK
configure:3495: checking /home/stbadmin/Utils/tools/XSB/syslib
configure:3497: result: OK
configure:3502: checking /home/stbadmin/Utils/tools/XSB/cmplib
configure:3504: result: OK
configure:3509: checking /home/stbadmin/Utils/tools/XSB/bin
configure:3511: result: OK
configure:3516: checking /home/stbadmin/Utils/tools/XSB/build
configure:3518: result: OK
configure:3523: checking /home/stbadmin/Utils/tools/XSB/config/x86_64-unknown-linux-gnu/bin
configure:3525: result: OK
configure:3530: checking /home/stbadmin/Utils/tools/XSB/config/x86_64-unknown-linux-gnu/lib
configure:3532: result: OK
configure:3537: checking /home/stbadmin/Utils/tools/XSB/config/x86_64-unknown-linux-gnu/saved.o
configure:3539: result: OK
configure:3544: checking /home/stbadmin/Utils/tools/XSB/etc
configure:3546: result: OK
configure:3551: checking /home/stbadmin/Utils/tools/XSB/packages
configure:3553: result: OK
configure:3558: checking /home/stbadmin/Utils/tools/XSB/packages/xmc
configure:3560: result: OK
configure:3565: checking /home/stbadmin/Utils/tools/XSB/examples
configure:3567: result: OK
configure:3572: checking /home/stbadmin/Utils/tools/XSB/prolog_includes
configure:3574: result: OK
configure:3640: checking for gcc
configure:3656: found /usr/local/bin/gcc
configure:3667: result: gcc
configure:3896: checking for C compiler version
configure:3905: gcc --version >&5
gcc (GCC) 4.8.4
Copyright (C) 2013 Free Software Foundation, Inc.
This is free software; see the source for copying conditions.  There is NO
warranty; not even for MERCHANTABILITY or FITNESS FOR A PARTICULAR PURPOSE.

configure:3916: $? = 0
configure:3905: gcc -v >&5
Using built-in specs.
COLLECT_GCC=gcc
COLLECT_LTO_WRAPPER=/usr/local/libexec/gcc/x86_64-unknown-linux-gnu/4.8.4/lto-wrapper
Target: x86_64-unknown-linux-gnu
Configured with: ./configure
Thread model: posix
gcc version 4.8.4 (GCC) 
configure:3916: $? = 0
configure:3905: gcc -V >&5
gcc: error: unrecognized command line option '-V'
gcc: fatal error: no input files
compilation terminated.
configure:3916: $? = 1
configure:3905: gcc -qversion >&5
gcc: error: unrecognized command line option '-qversion'
gcc: fatal error: no input files
compilation terminated.
configure:3916: $? = 1
configure:3936: checking whether the C compiler works
configure:3958: gcc    conftest.c  >&5
configure:3962: $? = 0
configure:4010: result: yes
configure:4013: checking for C compiler default output file name
configure:4015: result: a.out
configure:4021: checking for suffix of executables
configure:4028: gcc -o conftest    conftest.c  >&5
configure:4032: $? = 0
configure:4054: result: 
configure:4076: checking whether we are cross compiling
configure:4084: gcc -o conftest    conftest.c  >&5
configure:4088: $? = 0
configure:4095: ./conftest
configure:4099: $? = 0
configure:4114: result: no
configure:4119: checking for suffix of object files
configure:4141: gcc -c   conftest.c >&5
configure:4145: $? = 0
configure:4166: result: o
configure:4170: checking whether we are using the GNU C compiler
configure:4189: gcc -c   conftest.c >&5
configure:4189: $? = 0
configure:4198: result: yes
configure:4207: checking whether gcc accepts -g
configure:4227: gcc -c -g  conftest.c >&5
configure:4227: $? = 0
configure:4268: result: yes
configure:4285: checking for gcc option to accept ISO C89
configure:4348: gcc  -c -g -O2  conftest.c >&5
configure:4348: $? = 0
configure:4361: result: none needed
configure:4386: checking how to run the C preprocessor
configure:4417: gcc -E  conftest.c
configure:4417: $? = 0
configure:4431: gcc -E  conftest.c
conftest.c:19:28: fatal error: ac_nonexistent.h: No such file or directory
 #include <ac_nonexistent.h>
                            ^
compilation terminated.
configure:4431: $? = 1
configure: failed program was:
| /* confdefs.h */
| #define PACKAGE_NAME ""
| #define PACKAGE_TARNAME ""
| #define PACKAGE_VERSION ""
| #define PACKAGE_STRING ""
| #define PACKAGE_BUGREPORT ""
| #define PACKAGE_URL ""
| #define CONFIG_INCLUDED 1
| #define ___ALWAYS_TRUE___ 1
| #define XSB_VERSION "3.6. (Gazpatcho)"
| #define RELEASE_DATE 2015-04-28
| #define RELEASE_YEAR 2015
| #define RELEASE_MONTH 4
| #define RELEASE_DAY 28
| #define LOCAL_EVAL 1
| #define GC 1
| #define SLG_GC 1
| /* end confdefs.h.  */
| #include <ac_nonexistent.h>
configure:4456: result: gcc -E
configure:4476: gcc -E  conftest.c
configure:4476: $? = 0
configure:4490: gcc -E  conftest.c
conftest.c:19:28: fatal error: ac_nonexistent.h: No such file or directory
 #include <ac_nonexistent.h>
                            ^
compilation terminated.
configure:4490: $? = 1
configure: failed program was:
| /* confdefs.h */
| #define PACKAGE_NAME ""
| #define PACKAGE_TARNAME ""
| #define PACKAGE_VERSION ""
| #define PACKAGE_STRING ""
| #define PACKAGE_BUGREPORT ""
| #define PACKAGE_URL ""
| #define CONFIG_INCLUDED 1
| #define ___ALWAYS_TRUE___ 1
| #define XSB_VERSION "3.6. (Gazpatcho)"
| #define RELEASE_DATE 2015-04-28
| #define RELEASE_YEAR 2015
| #define RELEASE_MONTH 4
| #define RELEASE_DAY 28
| #define LOCAL_EVAL 1
| #define GC 1
| #define SLG_GC 1
| /* end confdefs.h.  */
| #include <ac_nonexistent.h>
configure:4532: checking for a BSD-compatible install
configure:4600: result: /usr/bin/install -c
configure:4613: checking for grep that handles long lines and -e
configure:4671: result: /bin/grep
configure:4676: checking for egrep
configure:4738: result: /bin/grep -E
configure:4743: checking for ANSI C header files
configure:4763: gcc -c -g -O2  conftest.c >&5
configure:4763: $? = 0
configure:4836: gcc -o conftest -g -O2   conftest.c  >&5
configure:4836: $? = 0
configure:4836: ./conftest
configure:4836: $? = 0
configure:4847: result: yes
configure:4860: checking for sys/types.h
configure:4860: gcc -c -g -O2  conftest.c >&5
configure:4860: $? = 0
configure:4860: result: yes
configure:4860: checking for sys/stat.h
configure:4860: gcc -c -g -O2  conftest.c >&5
configure:4860: $? = 0
configure:4860: result: yes
configure:4860: checking for stdlib.h
configure:4860: gcc -c -g -O2  conftest.c >&5
configure:4860: $? = 0
configure:4860: result: yes
configure:4860: checking for string.h
configure:4860: gcc -c -g -O2  conftest.c >&5
configure:4860: $? = 0
configure:4860: result: yes
configure:4860: checking for memory.h
configure:4860: gcc -c -g -O2  conftest.c >&5
configure:4860: $? = 0
configure:4860: result: yes
configure:4860: checking for strings.h
configure:4860: gcc -c -g -O2  conftest.c >&5
configure:4860: $? = 0
configure:4860: result: yes
configure:4860: checking for inttypes.h
configure:4860: gcc -c -g -O2  conftest.c >&5
configure:4860: $? = 0
configure:4860: result: yes
configure:4860: checking for stdint.h
configure:4860: gcc -c -g -O2  conftest.c >&5
configure:4860: $? = 0
configure:4860: result: yes
configure:4860: checking for unistd.h
configure:4860: gcc -c -g -O2  conftest.c >&5
configure:4860: $? = 0
configure:4860: result: yes
configure:4873: checking minix/config.h usability
configure:4873: gcc -c -g -O2  conftest.c >&5
conftest.c:62:26: fatal error: minix/config.h: No such file or directory
 #include <minix/config.h>
                          ^
compilation terminated.
configure:4873: $? = 1
configure: failed program was:
| /* confdefs.h */
| #define PACKAGE_NAME ""
| #define PACKAGE_TARNAME ""
| #define PACKAGE_VERSION ""
| #define PACKAGE_STRING ""
| #define PACKAGE_BUGREPORT ""
| #define PACKAGE_URL ""
| #define CONFIG_INCLUDED 1
| #define ___ALWAYS_TRUE___ 1
| #define XSB_VERSION "3.6. (Gazpatcho)"
| #define RELEASE_DATE 2015-04-28
| #define RELEASE_YEAR 2015
| #define RELEASE_MONTH 4
| #define RELEASE_DAY 28
| #define LOCAL_EVAL 1
| #define GC 1
| #define SLG_GC 1
| #define STDC_HEADERS 1
| #define HAVE_SYS_TYPES_H 1
| #define HAVE_SYS_STAT_H 1
| #define HAVE_STDLIB_H 1
| #define HAVE_STRING_H 1
| #define HAVE_MEMORY_H 1
| #define HAVE_STRINGS_H 1
| #define HAVE_INTTYPES_H 1
| #define HAVE_STDINT_H 1
| #define HAVE_UNISTD_H 1
| /* end confdefs.h.  */
| #include <stdio.h>
| #ifdef HAVE_SYS_TYPES_H
| # include <sys/types.h>
| #endif
| #ifdef HAVE_SYS_STAT_H
| # include <sys/stat.h>
| #endif
| #ifdef STDC_HEADERS
| # include <stdlib.h>
| # include <stddef.h>
| #else
| # ifdef HAVE_STDLIB_H
| #  include <stdlib.h>
| # endif
| #endif
| #ifdef HAVE_STRING_H
| # if !defined STDC_HEADERS && defined HAVE_MEMORY_H
| #  include <memory.h>
| # endif
| # include <string.h>
| #endif
| #ifdef HAVE_STRINGS_H
| # include <strings.h>
| #endif
| #ifdef HAVE_INTTYPES_H
| # include <inttypes.h>
| #endif
| #ifdef HAVE_STDINT_H
| # include <stdint.h>
| #endif
| #ifdef HAVE_UNISTD_H
| # include <unistd.h>
| #endif
| #include <minix/config.h>
configure:4873: result: no
configure:4873: checking minix/config.h presence
configure:4873: gcc -E  conftest.c
conftest.c:29:26: fatal error: minix/config.h: No such file or directory
 #include <minix/config.h>
                          ^
compilation terminated.
configure:4873: $? = 1
configure: failed program was:
| /* confdefs.h */
| #define PACKAGE_NAME ""
| #define PACKAGE_TARNAME ""
| #define PACKAGE_VERSION ""
| #define PACKAGE_STRING ""
| #define PACKAGE_BUGREPORT ""
| #define PACKAGE_URL ""
| #define CONFIG_INCLUDED 1
| #define ___ALWAYS_TRUE___ 1
| #define XSB_VERSION "3.6. (Gazpatcho)"
| #define RELEASE_DATE 2015-04-28
| #define RELEASE_YEAR 2015
| #define RELEASE_MONTH 4
| #define RELEASE_DAY 28
| #define LOCAL_EVAL 1
| #define GC 1
| #define SLG_GC 1
| #define STDC_HEADERS 1
| #define HAVE_SYS_TYPES_H 1
| #define HAVE_SYS_STAT_H 1
| #define HAVE_STDLIB_H 1
| #define HAVE_STRING_H 1
| #define HAVE_MEMORY_H 1
| #define HAVE_STRINGS_H 1
| #define HAVE_INTTYPES_H 1
| #define HAVE_STDINT_H 1
| #define HAVE_UNISTD_H 1
| /* end confdefs.h.  */
| #include <minix/config.h>
configure:4873: result: no
configure:4873: checking for minix/config.h
configure:4873: result: no
configure:4894: checking whether it is safe to define __EXTENSIONS__
configure:4912: gcc -c -g -O2  conftest.c >&5
configure:4912: $? = 0
configure:4919: result: yes
configure:4937: checking for gcc
configure:4953: found /usr/local/bin/gcc
configure:4965: result: yes
configure:4974: checking whether we are using SunPro C
configure:4985: gcc -c -g -O2  conftest.c >&5
conftest.c:36:2: error: #error Not a SunPro compiler :-(
 #error Not a  SunPro compiler :-(
  ^
conftest.c:37:9: error: expected identifier or '(' before '==' token
 ******* ======= ******** &&&&&&&&
         ^
configure:4985: $? = 1
configure: failed program was:
| /* confdefs.h */
| #define PACKAGE_NAME ""
| #define PACKAGE_TARNAME ""
| #define PACKAGE_VERSION ""
| #define PACKAGE_STRING ""
| #define PACKAGE_BUGREPORT ""
| #define PACKAGE_URL ""
| #define CONFIG_INCLUDED 1
| #define ___ALWAYS_TRUE___ 1
| #define XSB_VERSION "3.6. (Gazpatcho)"
| #define RELEASE_DATE 2015-04-28
| #define RELEASE_YEAR 2015
| #define RELEASE_MONTH 4
| #define RELEASE_DAY 28
| #define LOCAL_EVAL 1
| #define GC 1
| #define SLG_GC 1
| #define STDC_HEADERS 1
| #define HAVE_SYS_TYPES_H 1
| #define HAVE_SYS_STAT_H 1
| #define HAVE_STDLIB_H 1
| #define HAVE_STRING_H 1
| #define HAVE_MEMORY_H 1
| #define HAVE_STRINGS_H 1
| #define HAVE_INTTYPES_H 1
| #define HAVE_STDINT_H 1
| #define HAVE_UNISTD_H 1
| #define __EXTENSIONS__ 1
| #define _ALL_SOURCE 1
| #define _GNU_SOURCE 1
| #define _POSIX_PTHREAD_SEMANTICS 1
| #define _TANDEM_SOURCE 1
| /* end confdefs.h.  */
| 
| #ifndef __SUNPRO_C
| #error Not a  SunPro compiler :-(
| ******* ======= ******** &&&&&&&&
| #endif
| 
configure:4991: result: no
configure:5135: checking whether make sets $(MAKE)
configure:5157: result: yes
configure:5173: checking size of long int
configure:5178: gcc -o conftest -Wall -pipe -ansi -pedantic   conftest.c  >&5
configure:5178: $? = 0
configure:5178: ./conftest
configure:5178: $? = 0
configure:5192: result: 8
configure:5258: checking for main in -lm
configure:5277: gcc -o conftest -Wall -pipe -ansi -pedantic   conftest.c -lm   >&5
configure:5277: $? = 0
configure:5286: result: yes
configure:5301: checking for main in -ldl
configure:5320: gcc -o conftest -Wall -pipe -ansi -pedantic   conftest.c -ldl  -lm  >&5
configure:5320: $? = 0
configure:5329: result: yes
configure:5342: checking for main in -lnsl
configure:5361: gcc -o conftest -Wall -pipe -ansi -pedantic   conftest.c -lnsl  -ldl -lm  >&5
configure:5361: $? = 0
configure:5370: result: yes
configure:5383: checking for main in -lpthread
configure:5402: gcc -o conftest -Wall -pipe -ansi -pedantic   conftest.c -lpthread  -lnsl -ldl -lm  >&5
configure:5402: $? = 0
configure:5411: result: yes
configure:5424: checking for main in -lsocket
configure:5443: gcc -o conftest -Wall -pipe -ansi -pedantic   conftest.c -lsocket  -lpthread -lnsl -ldl -lm  >&5
/usr/bin/ld: cannot find -lsocket
collect2: error: ld returned 1 exit status
configure:5443: $? = 1
configure: failed program was:
| /* confdefs.h */
| #define PACKAGE_NAME ""
| #define PACKAGE_TARNAME ""
| #define PACKAGE_VERSION ""
| #define PACKAGE_STRING ""
| #define PACKAGE_BUGREPORT ""
| #define PACKAGE_URL ""
| #define CONFIG_INCLUDED 1
| #define ___ALWAYS_TRUE___ 1
| #define XSB_VERSION "3.6. (Gazpatcho)"
| #define RELEASE_DATE 2015-04-28
| #define RELEASE_YEAR 2015
| #define RELEASE_MONTH 4
| #define RELEASE_DAY 28
| #define LOCAL_EVAL 1
| #define GC 1
| #define SLG_GC 1
| #define STDC_HEADERS 1
| #define HAVE_SYS_TYPES_H 1
| #define HAVE_SYS_STAT_H 1
| #define HAVE_STDLIB_H 1
| #define HAVE_STRING_H 1
| #define HAVE_MEMORY_H 1
| #define HAVE_STRINGS_H 1
| #define HAVE_INTTYPES_H 1
| #define HAVE_STDINT_H 1
| #define HAVE_UNISTD_H 1
| #define __EXTENSIONS__ 1
| #define _ALL_SOURCE 1
| #define _GNU_SOURCE 1
| #define _POSIX_PTHREAD_SEMANTICS 1
| #define _TANDEM_SOURCE 1
| #define CC "gcc"
| #define SIZEOF_LONG_INT 8
| #define BITS64 1
| #define HAVE_LIBM 1
| #define HAVE_LIBDL 1
| #define HAVE_LIBNSL 1
| #define HAVE_LIBPTHREAD 1
| /* end confdefs.h.  */
| 
| 
| int
| main ()
| {
| return main ();
|   ;
|   return 0;
| }
configure:5452: result: no
configure:5466: checking for readline in -lreadline
configure:5491: gcc -o conftest -Wall -pipe -ansi -pedantic   conftest.c -lreadline  -lpthread -lnsl -ldl -lm  >&5
/usr/bin/ld: cannot find -lreadline
collect2: error: ld returned 1 exit status
configure:5491: $? = 1
configure: failed program was:
| /* confdefs.h */
| #define PACKAGE_NAME ""
| #define PACKAGE_TARNAME ""
| #define PACKAGE_VERSION ""
| #define PACKAGE_STRING ""
| #define PACKAGE_BUGREPORT ""
| #define PACKAGE_URL ""
| #define CONFIG_INCLUDED 1
| #define ___ALWAYS_TRUE___ 1
| #define XSB_VERSION "3.6. (Gazpatcho)"
| #define RELEASE_DATE 2015-04-28
| #define RELEASE_YEAR 2015
| #define RELEASE_MONTH 4
| #define RELEASE_DAY 28
| #define LOCAL_EVAL 1
| #define GC 1
| #define SLG_GC 1
| #define STDC_HEADERS 1
| #define HAVE_SYS_TYPES_H 1
| #define HAVE_SYS_STAT_H 1
| #define HAVE_STDLIB_H 1
| #define HAVE_STRING_H 1
| #define HAVE_MEMORY_H 1
| #define HAVE_STRINGS_H 1
| #define HAVE_INTTYPES_H 1
| #define HAVE_STDINT_H 1
| #define HAVE_UNISTD_H 1
| #define __EXTENSIONS__ 1
| #define _ALL_SOURCE 1
| #define _GNU_SOURCE 1
| #define _POSIX_PTHREAD_SEMANTICS 1
| #define _TANDEM_SOURCE 1
| #define CC "gcc"
| #define SIZEOF_LONG_INT 8
| #define BITS64 1
| #define HAVE_LIBM 1
| #define HAVE_LIBDL 1
| #define HAVE_LIBNSL 1
| #define HAVE_LIBPTHREAD 1
| /* end confdefs.h.  */
| 
| /* Override any GCC internal prototype to avoid an error.
|    Use char because int might match the return type of a GCC
|    builtin and then its argument prototype would still apply.  */
| #ifdef __cplusplus
| extern "C"
| #endif
| char readline ();
| int
| main ()
| {
| return readline ();
|   ;
|   return 0;
| }
configure:5500: result: no
configure:5511: checking for sched_get_priority_max
configure:5511: gcc -o conftest -Wall -pipe -ansi -pedantic   conftest.c -lpthread -lnsl -ldl -lm  >&5
configure:5511: $? = 0
configure:5511: result: yes
configure:5560: checking stdarg.h usability
configure:5560: gcc -c -Wall -pipe -ansi -pedantic  conftest.c >&5
configure:5560: $? = 0
configure:5560: result: yes
configure:5560: checking stdarg.h presence
configure:5560: gcc -E  conftest.c
configure:5560: $? = 0
configure:5560: result: yes
configure:5560: checking for stdarg.h
configure:5560: result: yes
configure:5579: checking sys/time.h usability
configure:5579: gcc -c -Wall -pipe -ansi -pedantic  conftest.c >&5
configure:5579: $? = 0
configure:5579: result: yes
configure:5579: checking sys/time.h presence
configure:5579: gcc -E  conftest.c
configure:5579: $? = 0
configure:5579: result: yes
configure:5579: checking for sys/time.h
configure:5579: result: yes
configure:5590: checking whether time.h and sys/time.h may both be included
configure:5610: gcc -c -Wall -pipe -ansi -pedantic  conftest.c >&5
configure:5610: $? = 0
configure:5617: result: yes
configure:5628: checking sys/resource.h usability
configure:5628: gcc -c -Wall -pipe -ansi -pedantic  conftest.c >&5
configure:5628: $? = 0
configure:5628: result: yes
configure:5628: checking sys/resource.h presence
configure:5628: gcc -E  conftest.c
configure:5628: $? = 0
configure:5628: result: yes
configure:5628: checking for sys/resource.h
configure:5628: result: yes
configure:5645: checking for malloc
configure:5645: gcc -o conftest -Wall -pipe -ansi -pedantic   conftest.c -lpthread -lnsl -ldl -lm  >&5
conftest.c:68:6: warning: conflicting types for built-in function 'malloc' [enabled by default]
 char malloc ();
      ^
configure:5645: $? = 0
configure:5645: result: yes
configure:5662: checking for unistd.h
configure:5662: result: yes
configure:5662: checking for string.h
configure:5662: result: yes
configure:5662: checking for stdlib.h
configure:5662: result: yes
configure:5680: checking for an ANSI C-conforming const
configure:5746: gcc -c -Wall -pipe -ansi -pedantic  conftest.c >&5
configure:5746: $? = 0
configure:5753: result: yes
configure:5762: checking return type of signal handlers
configure:5780: gcc -c -Wall -pipe -ansi -pedantic  conftest.c >&5
conftest.c: In function 'main':
conftest.c:55:1: error: void value not ignored as it ought to be
 return *(signal (0, 0)) (0) == 1;
 ^
configure:5780: $? = 1
configure: failed program was:
| /* confdefs.h */
| #define PACKAGE_NAME ""
| #define PACKAGE_TARNAME ""
| #define PACKAGE_VERSION ""
| #define PACKAGE_STRING ""
| #define PACKAGE_BUGREPORT ""
| #define PACKAGE_URL ""
| #define CONFIG_INCLUDED 1
| #define ___ALWAYS_TRUE___ 1
| #define XSB_VERSION "3.6. (Gazpatcho)"
| #define RELEASE_DATE 2015-04-28
| #define RELEASE_YEAR 2015
| #define RELEASE_MONTH 4
| #define RELEASE_DAY 28
| #define LOCAL_EVAL 1
| #define GC 1
| #define SLG_GC 1
| #define STDC_HEADERS 1
| #define HAVE_SYS_TYPES_H 1
| #define HAVE_SYS_STAT_H 1
| #define HAVE_STDLIB_H 1
| #define HAVE_STRING_H 1
| #define HAVE_MEMORY_H 1
| #define HAVE_STRINGS_H 1
| #define HAVE_INTTYPES_H 1
| #define HAVE_STDINT_H 1
| #define HAVE_UNISTD_H 1
| #define __EXTENSIONS__ 1
| #define _ALL_SOURCE 1
| #define _GNU_SOURCE 1
| #define _POSIX_PTHREAD_SEMANTICS 1
| #define _TANDEM_SOURCE 1
| #define CC "gcc"
| #define SIZEOF_LONG_INT 8
| #define BITS64 1
| #define HAVE_LIBM 1
| #define HAVE_LIBDL 1
| #define HAVE_LIBNSL 1
| #define HAVE_LIBPTHREAD 1
| #define HAVE_STDARG_H 1
| #define HAVE_SYS_TIME_H 1
| #define TIME_WITH_SYS_TIME 1
| #define HAVE_SYS_RESOURCE_H 1
| #define HAVE_MALLOC 1
| #define HAVE_UNISTD_H 1
| #define HAVE_STRING_H 1
| #define HAVE_STDLIB_H 1
| /* end confdefs.h.  */
| #include <sys/types.h>
| #include <signal.h>
| 
| int
| main ()
| {
| return *(signal (0, 0)) (0) == 1;
|   ;
|   return 0;
| }
configure:5787: result: void
configure:5798: checking for strdup
configure:5798: gcc -o conftest -Wall -pipe -ansi -pedantic   conftest.c -lpthread -lnsl -ldl -lm  >&5
configure:5798: $? = 0
configure:5798: result: yes
configure:5798: checking for mkdir
configure:5798: gcc -o conftest -Wall -pipe -ansi -pedantic   conftest.c -lpthread -lnsl -ldl -lm  >&5
configure:5798: $? = 0
configure:5798: result: yes
configure:5817: checking for gethostbyname
configure:5817: gcc -o conftest -Wall -pipe -ansi -pedantic   conftest.c -lpthread -lnsl -ldl -lm  >&5
configure:5817: $? = 0
configure:5817: result: yes
configure:5817: checking for gettimeofday
configure:5817: gcc -o conftest -Wall -pipe -ansi -pedantic   conftest.c -lpthread -lnsl -ldl -lm  >&5
configure:5817: $? = 0
configure:5817: result: yes
configure:5817: checking for socket
configure:5817: gcc -o conftest -Wall -pipe -ansi -pedantic   conftest.c -lpthread -lnsl -ldl -lm  >&5
configure:5817: $? = 0
configure:5817: result: yes
configure:5817: checking for snprintf
configure:5817: gcc -o conftest -Wall -pipe -ansi -pedantic   conftest.c -lpthread -lnsl -ldl -lm  >&5
configure:5817: $? = 0
configure:5817: result: yes
configure:5830: checking for regexec
configure:5830: gcc -o conftest -Wall -pipe -ansi -pedantic   conftest.c -lpthread -lnsl -ldl -lm  >&5
configure:5830: $? = 0
configure:5830: result: yes
configure:5830: checking for regerror
configure:5830: gcc -o conftest -Wall -pipe -ansi -pedantic   conftest.c -lpthread -lnsl -ldl -lm  >&5
configure:5830: $? = 0
configure:5830: result: yes
configure:5830: checking for regcomp
configure:5830: gcc -o conftest -Wall -pipe -ansi -pedantic   conftest.c -lpthread -lnsl -ldl -lm  >&5
configure:5830: $? = 0
configure:5830: result: yes
configure:5844: checking for fnmatch
configure:5844: gcc -o conftest -Wall -pipe -ansi -pedantic   conftest.c -lpthread -lnsl -ldl -lm  >&5
configure:5844: $? = 0
configure:5844: result: yes
configure:5844: checking for glob
configure:5844: gcc -o conftest -Wall -pipe -ansi -pedantic   conftest.c -lpthread -lnsl -ldl -lm  >&5
configure:5844: $? = 0
configure:5844: result: yes
configure:5844: checking for globfree
configure:5844: gcc -o conftest -Wall -pipe -ansi -pedantic   conftest.c -lpthread -lnsl -ldl -lm  >&5
configure:5844: $? = 0
configure:5844: result: yes
configure:5858: checking for execvp
configure:5858: gcc -o conftest -Wall -pipe -ansi -pedantic   conftest.c -lpthread -lnsl -ldl -lm  >&5
configure:5858: $? = 0
configure:5858: result: yes
configure:6063: checking for itkwish
configure:6095: result: no
configure:6139: checking whether loader understands -Wl,-export-dynamic
configure:6147: gcc -o conftest -Wall -pipe   -Wl,-export-dynamic conftest.c  -lpthread -lnsl -ldl -lm  >&5
conftest.c:65:1: warning: return type defaults to 'int' [-Wreturn-type]
 main(){return 0;}
 ^
configure:6147: $? = 0
configure:6154: result: yes
configure:6378: checking for inline
configure:6394: gcc -c -Wall -pipe   conftest.c >&5
configure:6394: $? = 0
configure:6402: result: inline
configure:6824: checking for javac
configure:6842: found /usr/bin/javac
configure:6855: result: /usr/bin/javac
configure:6895: checking jni.h usability
configure:6895: gcc -c  -O3 -fno-strict-aliasing  -Wall -pipe   conftest.c >&5
configure:6895: $? = 0
configure:6895: result: yes
configure:6895: checking jni.h presence
configure:6895: gcc -E  conftest.c
configure:6895: $? = 0
configure:6895: result: yes
configure:6895: checking for jni.h
configure:6895: result: yes
configure:6895: checking jni_md.h usability
configure:6895: gcc -c  -O3 -fno-strict-aliasing  -Wall -pipe   conftest.c >&5
configure:6895: $? = 0
configure:6895: result: yes
configure:6895: checking jni_md.h presence
configure:6895: gcc -E  conftest.c
configure:6895: $? = 0
configure:6895: result: yes
configure:6895: checking for jni_md.h
configure:6895: result: yes
configure:7115: updating cache /home/stbadmin/Utils/tools/XSB/config/x86_64-unknown-linux-gnu/config.cache
configure:7164: creating ./config.status

## ---------------------- ##
## Running config.status. ##
## ---------------------- ##

This file was extended by config.status, which was
generated by GNU Autoconf 2.69.  Invocation command line was

  CONFIG_FILES    = 
  CONFIG_HEADERS  = 
  CONFIG_LINKS    = 
  CONFIG_COMMANDS = 
  $ ./config.status 

on student-OptiPlex-980

config.status:: creating /home/stbadmin/Utils/tools/XSB/config/x86_64-unknown-linux-gnu/topMakefile
config.status:: creating /home/stbadmin/Utils/tools/XSB/config/x86_64-unknown-linux-gnu/emuMakefile
config.status:: creating /home/stbadmin/Utils/tools/XSB/config/x86_64-unknown-linux-gnu/modMakefile
config.status:: creating /home/stbadmin/Utils/tools/XSB/config/x86_64-unknown-linux-gnu/gppMakefile
config.status:: creating /home/stbadmin/Utils/tools/XSB/config/x86_64-unknown-linux-gnu/smoMakefile
config.status:: creating /home/stbadmin/Utils/tools/XSB/config/x86_64-unknown-linux-gnu/makedef.sh
config.status:: creating /home/stbadmin/Utils/tools/XSB/config/x86_64-unknown-linux-gnu/lib/xsb_configuration.P
config.status:: creating windows/xsb_configuration.P
config.status:: creating windows64/xsb_configuration.P
config.status:: creating makexsb
config.status:: creating /home/stbadmin/Utils/tools/XSB/bin/chr_pp
config.status:: creating /home/stbadmin/Utils/tools/XSB/bin/xsb
config.status:: creating /home/stbadmin/Utils/tools/XSB/config/x86_64-unknown-linux-gnu/banner.msg
config.status:: creating windows/banner.msg
config.status:: creating windows64/banner.msg
config.status:: creating windows/MSVC_mkfile.mak
config.status:: creating windows64/MSVC_mkfile.mak
config.status:: creating /home/stbadmin/Utils/tools/XSB/packages/xmc/xmc-gui
config.status:: creating /home/stbadmin/Utils/tools/XSB/config/x86_64-unknown-linux-gnu/xsb_config.h
config.status:: creating windows/xsb_config.h
config.status:: windows/xsb_config.h is unchanged
config.status:: creating windows/xsb_debug.h
config.status:: windows/xsb_debug.h is unchanged
config.status:: creating windows64/xsb_config.h
config.status:: windows64/xsb_config.h is unchanged
config.status:: creating windows64/xsb_debug.h
config.status:: windows64/xsb_debug.h is unchanged
config.status:: creating /home/stbadmin/Utils/tools/XSB/config/x86_64-unknown-linux-gnu/xsb_debug.h

## ---------------- ##
## Cache variables. ##
## ---------------- ##

ac_cv_build=x86_64-unknown-linux-gnu
ac_cv_c_compiler_gnu=yes
ac_cv_c_const=yes
ac_cv_c_inline=inline
ac_cv_env_CCC_set=
ac_cv_env_CCC_value=
ac_cv_env_CC_set=
ac_cv_env_CC_value=
ac_cv_env_CFLAGS_set=
ac_cv_env_CFLAGS_value=
ac_cv_env_CPPFLAGS_set=
ac_cv_env_CPPFLAGS_value=
ac_cv_env_CPP_set=
ac_cv_env_CPP_value=
ac_cv_env_CXXFLAGS_set=
ac_cv_env_CXXFLAGS_value=
ac_cv_env_CXX_set=set
ac_cv_env_CXX_value=/home/stbadmin/scputil/g++
ac_cv_env_LDFLAGS_set=
ac_cv_env_LDFLAGS_value=
ac_cv_env_LIBS_set=
ac_cv_env_LIBS_value=
ac_cv_env_build_alias_set=
ac_cv_env_build_alias_value=
ac_cv_env_host_alias_set=
ac_cv_env_host_alias_value=
ac_cv_env_target_alias_set=
ac_cv_env_target_alias_value=
ac_cv_func_execvp=yes
ac_cv_func_fnmatch=yes
ac_cv_func_gethostbyname=yes
ac_cv_func_gettimeofday=yes
ac_cv_func_glob=yes
ac_cv_func_globfree=yes
ac_cv_func_malloc=yes
ac_cv_func_mkdir=yes
ac_cv_func_regcomp=yes
ac_cv_func_regerror=yes
ac_cv_func_regexec=yes
ac_cv_func_sched_get_priority_max=yes
ac_cv_func_snprintf=yes
ac_cv_func_socket=yes
ac_cv_func_strdup=yes
ac_cv_header_inttypes_h=yes
ac_cv_header_jni_h=yes
ac_cv_header_jni_md_h=yes
ac_cv_header_memory_h=yes
ac_cv_header_minix_config_h=no
ac_cv_header_stdarg_h=yes
ac_cv_header_stdc=yes
ac_cv_header_stdint_h=yes
ac_cv_header_stdlib_h=yes
ac_cv_header_string_h=yes
ac_cv_header_strings_h=yes
ac_cv_header_sys_resource_h=yes
ac_cv_header_sys_stat_h=yes
ac_cv_header_sys_time_h=yes
ac_cv_header_sys_types_h=yes
ac_cv_header_time=yes
ac_cv_header_unistd_h=yes
ac_cv_host=x86_64-unknown-linux-gnu
ac_cv_lib_dl_main=yes
ac_cv_lib_m_main=yes
ac_cv_lib_nsl_main=yes
ac_cv_lib_pthread_main=yes
ac_cv_lib_readline_readline=no
ac_cv_lib_socket_main=no
ac_cv_objext=o
ac_cv_path_EGREP='/bin/grep -E'
ac_cv_path_GREP=/bin/grep
ac_cv_path_install='/usr/bin/install -c'
ac_cv_path_itkwish_path=no
ac_cv_path_java_path=/usr/bin/javac
ac_cv_prog_CPP='gcc -E'
ac_cv_prog_ac_ct_CC=gcc
ac_cv_prog_cc_c89=
ac_cv_prog_cc_g=yes
ac_cv_prog_has_gcc=yes
ac_cv_prog_make_make_set=yes
ac_cv_safe_to_define___extensions__=yes
ac_cv_sizeof_long_int=8
ac_cv_type_signal=void

## ----------------- ##
## Output variables. ##
## ----------------- ##

CC='gcc'
CFLAGS=' -O3 -fno-strict-aliasing  -Wall -pipe '
CPP='gcc -E'
CPPFLAGS=''
CROSS_SIMULATOR=''
CXX='/home/stbadmin/scputil/g++'
CXXFLAGS=''
DEFS='-DHAVE_CONFIG_H'
DLLTYPE='nodll'
DYNMOD_LDFLAGS='-shared'
DYNMOD_SHAREDLIB_EXTENSION='so'
ECHO_C=''
ECHO_N='-n'
ECHO_T=''
EGREP='/bin/grep -E'
EXEEXT=''
GPPCFLAGS=''
GPPWNTFLAG=''
GREP='/bin/grep'
INSTALL_DATA='${INSTALL} -m 644'
INSTALL_PROGRAM='${INSTALL}'
INSTALL_SCRIPT='${INSTALL}'
INTERPROLOGOBJ='interprolog_callback.o'
INTERPROLOGSRC='interprolog_callback.c'
JAVA_HEADER_PATH=''
JAVA_PLATFORM_HEADER_PATH=''
LD='gcc'
LDFLAGS='  -lm -ldl -Wl,-export-dynamic -lpthread'
LIBOBJS=''
LIBS=' -lpthread -lnsl -ldl -lm '
LTLIBOBJS=''
MEMFLAG=''
OBJEXT='o'
ODBCOBJ=''
ODBCSRC=''
ODBC_CFLAGS=''
PACKAGE_BUGREPORT=''
PACKAGE_NAME=''
PACKAGE_STRING=''
PACKAGE_TARNAME=''
PACKAGE_URL=''
PACKAGE_VERSION=''
PATH_SEPARATOR=':'
SET_MAKE=''
SHELL='/bin/sh'
XASPDEFFILE=''
XASPLIBNAME=''
XSBMOD_LDFLAGS=' -nodefaultlibs -nostartfiles '
XSB_INTERPROLOG='1'
ac_ct_CC='gcc'
ac_ct_CXX=''
arch_bindir='/home/stbadmin/Utils/tools/XSB/config/x86_64-unknown-linux-gnu/bin'
arch_config_file='/home/stbadmin/Utils/tools/XSB/config/x86_64-unknown-linux-gnu/lib/xsb_configuration.P'
arch_config_prefix='/home/stbadmin/Utils/tools/XSB/config/x86_64-unknown-linux-gnu'
arch_install_config_prefix='/home/stbadmin/Utils/tools/XSB/config/x86_64-unknown-linux-gnu'
bindir='${exec_prefix}/bin'
build='x86_64-unknown-linux-gnu'
build_alias=''
build_cpu='x86_64'
build_os='linux-gnu'
build_vendor='unknown'
builtinsCFLAGS=' -O3 -fno-strict-aliasing  -Wall -pipe '
canonical='x86_64-unknown-linux-gnu'
compile_mode='optimal'
config_ln_command='ln -s '
config_tag=''
datadir='${datarootdir}'
datarootdir='${prefix}/share'
docdir='${datarootdir}/doc/${PACKAGE}'
dvidir='${docdir}'
emuloopCFLAGS=' -O3 -fno-strict-aliasing  -Wall -pipe '
emumake_goal='xsb'
engine_mode='slg-wam'
exec_prefix='${prefix}'
full_config_name='x86_64-unknown-linux-gnu'
has_gcc='yes'
host='x86_64-unknown-linux-gnu'
host_alias=''
host_cpu='x86_64'
host_os='linux-gnu'
host_vendor='unknown'
htmldir='${docdir}'
includedir='${prefix}/include'
infodir='${datarootdir}/info'
itkwish_path='no'
java_compiler='/usr/bin/javac'
java_path='/usr/include'
libdir='/home/stbadmin/Utils/tools/XSB/lib'
libexecdir='${exec_prefix}/libexec'
loaderCFLAGS=' -O3 -fno-strict-aliasing  -Wall -pipe '
localedir='${datarootdir}/locale'
localstatedir='${prefix}/var'
mandir='${datarootdir}/man'
mno_cyg_inclib=''
mno_cyg_lib=''
mt_mode=''
oldincludedir='/usr/include'
os_type='linux-gnu'
os_version=''
pdfdir='${docdir}'
prefix='/home/stbadmin/Utils/tools/XSB'
program_transform_name='s,x,x,'
psdir='${docdir}'
regmatch_support='yes'
release_day='28'
release_month='4'
release_monthname='April'
release_year='2015'
sbindir='${exec_prefix}/sbin'
sharedstatedir='${prefix}/com'
site_prefix='/home/stbadmin/Utils/tools/XSB/site'
smoCFLAGS=''
smoLDFLAGS=''
smoLIB=''
smodels_goal='nope'
sysconfdir='${prefix}/etc'
target_alias=''
topdir='/home/stbadmin/Utils/tools/XSB'
trutilsCFLAGS=' -O3 -fno-strict-aliasing  -Wall -pipe '
wildmatch_support='yes'
with_smodels=''
word_size='64'
xsb_beta_version=''
xsb_build_date='2016-01-12'
xsb_codename='Gazpatcho'
xsb_full_version_name='3.6. (Gazpatcho)'
xsb_major_version='3'
xsb_minor_version='6'
xsb_obj_extension='.xwam'
xsb_patch_date='Build date: 2016-01-12'
xsb_patch_version=''
xsb_release_date='2015-04-28'
xsb_scheduling_strategy='local'
xsb_version='3.6.'

## ----------- ##
## confdefs.h. ##
## ----------- ##

/* confdefs.h */
#define PACKAGE_NAME ""
#define PACKAGE_TARNAME ""
#define PACKAGE_VERSION ""
#define PACKAGE_STRING ""
#define PACKAGE_BUGREPORT ""
#define PACKAGE_URL ""
#define CONFIG_INCLUDED 1
#define ___ALWAYS_TRUE___ 1
#define XSB_VERSION "3.6. (Gazpatcho)"
#define RELEASE_DATE 2015-04-28
#define RELEASE_YEAR 2015
#define RELEASE_MONTH 4
#define RELEASE_DAY 28
#define LOCAL_EVAL 1
#define GC 1
#define SLG_GC 1
#define STDC_HEADERS 1
#define HAVE_SYS_TYPES_H 1
#define HAVE_SYS_STAT_H 1
#define HAVE_STDLIB_H 1
#define HAVE_STRING_H 1
#define HAVE_MEMORY_H 1
#define HAVE_STRINGS_H 1
#define HAVE_INTTYPES_H 1
#define HAVE_STDINT_H 1
#define HAVE_UNISTD_H 1
#define __EXTENSIONS__ 1
#define _ALL_SOURCE 1
#define _GNU_SOURCE 1
#define _POSIX_PTHREAD_SEMANTICS 1
#define _TANDEM_SOURCE 1
#define CC "gcc"
#define SIZEOF_LONG_INT 8
#define BITS64 1
#define HAVE_LIBM 1
#define HAVE_LIBDL 1
#define HAVE_LIBNSL 1
#define HAVE_LIBPTHREAD 1
#define HAVE_STDARG_H 1
#define HAVE_SYS_TIME_H 1
#define TIME_WITH_SYS_TIME 1
#define HAVE_SYS_RESOURCE_H 1
#define HAVE_MALLOC 1
#define HAVE_UNISTD_H 1
#define HAVE_STRING_H 1
#define HAVE_STDLIB_H 1
#define RETSIGTYPE void
#define HAVE_STRDUP 1
#define HAVE_MKDIR 1
#define HAVE_GETHOSTBYNAME 1
#define HAVE_GETTIMEOFDAY 1
#define HAVE_SOCKET 1
#define HAVE_SNPRINTF 1
#define HAVE_REGEXEC 1
#define HAVE_REGERROR 1
#define HAVE_REGCOMP 1
#define HAVE_FNMATCH 1
#define HAVE_GLOB 1
#define HAVE_GLOBFREE 1
#define HAVE_EXECVP 1
#define JUMPTABLE_EMULOOP 1
#define INSN_BLOCKS 1
#define LINUX 1
#define _GNU_SOURCE 1
#define LINUX_ELF 1
#define FOREIGN_ELF 1
#define HAVE_JNI_H 1
#define HAVE_JNI_MD_H 1
#define XSB_INTERPROLOG 1
#define CONFIGURATION "x86_64-unknown-linux-gnu"
#define FULL_CONFIG_NAME "x86_64-unknown-linux-gnu"

configure: exit 0
